Using pre-set license
Built from '6000.0/staging' branch; Version is '6000.0.40f1 (157d81624ddf) revision 1408385'; Using compiler version '193933523'; Build Type 'Release'
OS: 'Windows 11  (10.0.26100) 64bit Professional' Language: 'ko' Physical Memory: 32397 MB
BatchMode: 1, IsHumanControllingUs: 0, StartBugReporterOnCrash: 0, Is64bit: 1, IsPro: 1

COMMAND LINE ARGUMENTS:
C:\Program Files\Unity\Hub\Editor\6000.0.40f1\Editor\Unity.exe
-adb2
-batchMode
-noUpm
-name
AssetImportWorker3
-projectPath
C:/Users/asdgh/OneDrive/바탕 화면/Study/2DSideScroll/ShadowDash
-logFile
Logs/AssetImportWorker3.log
-srvPort
51406
-job-worker-count
5
-background-job-worker-count
8
-gc-helper-count
1
Successfully changed project path to: C:/Users/asdgh/OneDrive/바탕 화면/Study/2DSideScroll/ShadowDash
C:/Users/asdgh/OneDrive/바탕 화면/Study/2DSideScroll/ShadowDash
[UnityMemory] Configuration Parameters - Can be set up in boot.config
    "memorysetup-bucket-allocator-granularity=16"
    "memorysetup-bucket-allocator-bucket-count=8"
    "memorysetup-bucket-allocator-block-size=33554432"
    "memorysetup-bucket-allocator-block-count=8"
    "memorysetup-main-allocator-block-size=16777216"
    "memorysetup-thread-allocator-block-size=16777216"
    "memorysetup-gfx-main-allocator-block-size=16777216"
    "memorysetup-gfx-thread-allocator-block-size=16777216"
    "memorysetup-cache-allocator-block-size=4194304"
    "memorysetup-typetree-allocator-block-size=2097152"
    "memorysetup-profiler-bucket-allocator-granularity=16"
    "memorysetup-profiler-bucket-allocator-bucket-count=8"
    "memorysetup-profiler-bucket-allocator-block-size=33554432"
    "memorysetup-profiler-bucket-allocator-block-count=8"
    "memorysetup-profiler-allocator-block-size=16777216"
    "memorysetup-profiler-editor-allocator-block-size=1048576"
    "memorysetup-temp-allocator-size-main=16777216"
    "memorysetup-job-temp-allocator-block-size=2097152"
    "memorysetup-job-temp-allocator-block-size-background=1048576"
    "memorysetup-job-temp-allocator-reduction-small-platforms=262144"
    "memorysetup-allocator-temp-initial-block-size-main=262144"
    "memorysetup-allocator-temp-initial-block-size-worker=262144"
    "memorysetup-temp-allocator-size-background-worker=32768"
    "memorysetup-temp-allocator-size-job-worker=262144"
    "memorysetup-temp-allocator-size-preload-manager=33554432"
    "memorysetup-temp-allocator-size-nav-mesh-worker=65536"
    "memorysetup-temp-allocator-size-audio-worker=65536"
    "memorysetup-temp-allocator-size-cloud-worker=32768"
    "memorysetup-temp-allocator-size-gi-baking-worker=262144"
    "memorysetup-temp-allocator-size-gi-baking-worker=262144"
    "memorysetup-temp-allocator-size-gi-baking-worker=262144"
    "memorysetup-temp-allocator-size-gi-baking-worker=262144"
    "memorysetup-temp-allocator-size-gi-baking-worker=262144"
    "memorysetup-temp-allocator-size-gfx=262144"
Player connection [31720]  Target information:

Player connection [31720]  * "[IP] 121.179.63.129 [Port] 0 [Flags] 2 [Guid] 1367232014 [EditorId] 1367232014 [Version] 1048832 [Id] WindowsEditor(7,SangWon) [Debug] 1 [PackageName] WindowsEditor [ProjectName] Editor" 

Player connection [31720] Host joined multi-casting on [225.0.0.222:54997]...
Player connection [31720] Host joined alternative multi-casting on [225.0.0.222:34997]...
JobSystem: Creating JobQueue using job-worker-count value 5
Input System module state changed to: Initialized.
[Physics::Module] Initialized fallback backend.
[Physics::Module] Id: 0xdecafbad
Library Redirect Path: Library/
[Physics::Module] Selected backend.
[Physics::Module] Name: PhysX
[Physics::Module] Id: 0xf2b8ea05
[Physics::Module] SDK Version: 4.1.2
[Physics::Module] Integration Version: 1.0.0
[Physics::Module] Threading Mode: Multi-Threaded
Refreshing native plugins compatible for Editor in 3.42 ms, found 4 plugins.
Preloading 0 native plugins for Editor in 0.00 ms.
Initialize engine version: 6000.0.40f1 (157d81624ddf)
[Subsystems] Discovering subsystems at path C:/Program Files/Unity/Hub/Editor/6000.0.40f1/Editor/Data/Resources/UnitySubsystems
[Subsystems] Discovering subsystems at path C:/Users/asdgh/OneDrive/바탕 화면/Study/2DSideScroll/ShadowDash/Assets
GfxDevice: creating device client; kGfxThreadingModeNonThreaded
Direct3D:
    Version:  Direct3D 11.0 [level 11.1]
    Renderer: NVIDIA GeForce RTX 4060 Ti (ID=0x2803)
    Vendor:   NVIDIA
    VRAM:     7949 MB
    Driver:   32.0.15.6636
Initialize mono
Mono path[0] = 'C:/Program Files/Unity/Hub/Editor/6000.0.40f1/Editor/Data/Managed'
Mono path[1] = 'C:/Program Files/Unity/Hub/Editor/6000.0.40f1/Editor/Data/MonoBleedingEdge/lib/mono/unityjit-win32'
Mono config path = 'C:/Program Files/Unity/Hub/Editor/6000.0.40f1/Editor/Data/MonoBleedingEdge/etc'
Using monoOptions --debugger-agent=transport=dt_socket,embedding=1,server=y,suspend=n,address=127.0.0.1:56772
Begin MonoManager ReloadAssembly
Registering precompiled unity dll's ...
Register platform support module: C:/Program Files/Unity/Hub/Editor/6000.0.40f1/Editor/Data/PlaybackEngines/WebGLSupport/UnityEditor.WebGL.Extensions.dll
Register platform support module: C:/Program Files/Unity/Hub/Editor/6000.0.40f1/Editor/Data/PlaybackEngines/WindowsStandaloneSupport/UnityEditor.WindowsStandalone.Extensions.dll
Register platform support module: C:/Program Files/Unity/Hub/Editor/6000.0.40f1/Editor/Data/PlaybackEngines/MetroSupport/UnityEditor.UWP.Extensions.dll
Register platform support module: C:/Program Files/Unity/Hub/Editor/6000.0.40f1/Editor/Data/PlaybackEngines/AndroidPlayer/UnityEditor.Android.Extensions.dll
Registered in 0.005221 seconds.
- Loaded All Assemblies, in  0.319 seconds
Native extension for Android target not found
Android Extension - Scanning For ADB Devices 218 ms
Native extension for UWP target not found
Native extension for WindowsStandalone target not found
Native extension for WebGL target not found
Mono: successfully reloaded assembly
- Finished resetting the current domain, in  0.511 seconds
Domain Reload Profiling: 828ms
	BeginReloadAssembly (104ms)
		ExecutionOrderSort (0ms)
		DisableScriptedObjects (0ms)
		BackupInstance (0ms)
		ReleaseScriptingObjects (0ms)
		CreateAndSetChildDomain (1ms)
	RebuildCommonClasses (29ms)
	RebuildNativeTypeToScriptingClass (9ms)
	initialDomainReloadingComplete (42ms)
	LoadAllAssembliesAndSetupDomain (133ms)
		LoadAssemblies (104ms)
		RebuildTransferFunctionScriptingTraits (0ms)
		AnalyzeDomain (128ms)
			TypeCache.Refresh (127ms)
				TypeCache.ScanAssembly (116ms)
			BuildScriptInfoCaches (0ms)
			ResolveRequiredComponents (0ms)
	FinalizeReload (511ms)
		ReleaseScriptCaches (0ms)
		RebuildScriptCaches (0ms)
		SetupLoadedEditorAssemblies (470ms)
			LogAssemblyErrors (0ms)
			InitializePlatformSupportModulesInManaged (289ms)
			SetLoadedEditorAssemblies (4ms)
			BeforeProcessingInitializeOnLoad (41ms)
			ProcessInitializeOnLoadAttributes (91ms)
			ProcessInitializeOnLoadMethodAttributes (46ms)
			AfterProcessingInitializeOnLoad (0ms)
			EditorAssembliesLoaded (0ms)
		ExecutionOrderSort2 (0ms)
		AwakeInstancesAfterBackupRestoration (0ms)
========================================================================
Worker process is ready to serve import requests
Import Worker Mode flag is 0x00
Begin MonoManager ReloadAssembly
- Loaded All Assemblies, in  0.662 seconds
Refreshing native plugins compatible for Editor in 1.76 ms, found 4 plugins.
Native extension for Android target not found
Native extension for UWP target not found
Native extension for WindowsStandalone target not found
Native extension for WebGL target not found
Mono: successfully reloaded assembly
- Finished resetting the current domain, in  0.763 seconds
Domain Reload Profiling: 1420ms
	BeginReloadAssembly (148ms)
		ExecutionOrderSort (0ms)
		DisableScriptedObjects (6ms)
		BackupInstance (0ms)
		ReleaseScriptingObjects (0ms)
		CreateAndSetChildDomain (34ms)
	RebuildCommonClasses (32ms)
	RebuildNativeTypeToScriptingClass (9ms)
	initialDomainReloadingComplete (34ms)
	LoadAllAssembliesAndSetupDomain (434ms)
		LoadAssemblies (298ms)
		RebuildTransferFunctionScriptingTraits (0ms)
		AnalyzeDomain (218ms)
			TypeCache.Refresh (156ms)
				TypeCache.ScanAssembly (142ms)
			BuildScriptInfoCaches (52ms)
			ResolveRequiredComponents (7ms)
	FinalizeReload (763ms)
		ReleaseScriptCaches (0ms)
		RebuildScriptCaches (0ms)
		SetupLoadedEditorAssemblies (628ms)
			LogAssemblyErrors (0ms)
			InitializePlatformSupportModulesInManaged (11ms)
			SetLoadedEditorAssemblies (5ms)
			BeforeProcessingInitializeOnLoad (97ms)
			ProcessInitializeOnLoadAttributes (411ms)
			ProcessInitializeOnLoadMethodAttributes (99ms)
			AfterProcessingInitializeOnLoad (4ms)
			EditorAssembliesLoaded (0ms)
		ExecutionOrderSort2 (0ms)
		AwakeInstancesAfterBackupRestoration (5ms)
Launched and connected shader compiler UnityShaderCompiler.exe after 0.01 seconds
Refreshing native plugins compatible for Editor in 2.03 ms, found 4 plugins.
Preloading 0 native plugins for Editor in 0.00 ms.
Unloading 206 Unused Serialized files (Serialized files now loaded: 0)
Unloading 6581 unused Assets / (6.9 MB). Loaded Objects now: 7227.
Memory consumption went from 176.3 MB to 169.5 MB.
Total: 10.573100 ms (FindLiveObjects: 0.681900 ms CreateObjectMapping: 0.611400 ms MarkObjects: 6.080000 ms  DeleteObjects: 3.198700 ms)

========================================================================
Received Import Request.
  Time since last request: 21989.182689 seconds.
  path: Assets/Asset/Image/FemaleStreetFighter/002.png
  artifactKey: Guid(85cee7ae56e41e643be0a121e72d2c91) Importer(815301076,1909f56bfc062723c751e8b465ee728b)
Start importing Assets/Asset/Image/FemaleStreetFighter/002.png using Guid(85cee7ae56e41e643be0a121e72d2c91) Importer(815301076,1909f56bfc062723c751e8b465ee728b) (PreviewImporter) -> (artifact id: '5bbb74ffa0030c1185b71bd463ba6e8d') in 0.1016038 seconds
Number of updated asset objects reloaded before import = 0Number of asset objects unloaded after import = 3

========================================================================
Received Import Request.
  Time since last request: 0.000018 seconds.
  path: Assets/Asset/Image/FemaleStreetFighter/006.png
  artifactKey: Guid(a6e8db83c9c3d59438bc1f7a962aab12) Importer(815301076,1909f56bfc062723c751e8b465ee728b)
Start importing Assets/Asset/Image/FemaleStreetFighter/006.png using Guid(a6e8db83c9c3d59438bc1f7a962aab12) Importer(815301076,1909f56bfc062723c751e8b465ee728b) (PreviewImporter) -> (artifact id: '8d8db5698498cc8caa339b481e410fef') in 0.0176435 seconds
Number of updated asset objects reloaded before import = 0Number of asset objects unloaded after import = 3

========================================================================
Received Import Request.
  Time since last request: 0.000025 seconds.
  path: Assets/Asset/Image/FemaleStreetFighter/127.png
  artifactKey: Guid(be23bbd5e0de32149a32dd0bdaa1d106) Importer(815301076,1909f56bfc062723c751e8b465ee728b)
Start importing Assets/Asset/Image/FemaleStreetFighter/127.png using Guid(be23bbd5e0de32149a32dd0bdaa1d106) Importer(815301076,1909f56bfc062723c751e8b465ee728b) (PreviewImporter) -> (artifact id: 'db456f9cf8b536eab909c50591bc30f8') in 0.0170869 seconds
Number of updated asset objects reloaded before import = 0Number of asset objects unloaded after import = 3

========================================================================
Received Import Request.
  Time since last request: 0.000017 seconds.
  path: Assets/Asset/Image/FemaleStreetFighter/015.png
  artifactKey: Guid(663fbf9d7c48f854281ff0c0c44ab9e0) Importer(815301076,1909f56bfc062723c751e8b465ee728b)
Start importing Assets/Asset/Image/FemaleStreetFighter/015.png using Guid(663fbf9d7c48f854281ff0c0c44ab9e0) Importer(815301076,1909f56bfc062723c751e8b465ee728b) (PreviewImporter) -> (artifact id: '2e31a86b666f84d4ae2e3f4226bd959b') in 0.0183945 seconds
Number of updated asset objects reloaded before import = 0Number of asset objects unloaded after import = 3

========================================================================
Received Import Request.
  Time since last request: 0.000022 seconds.
  path: Assets/Asset/Image/FemaleStreetFighter/007.png
  artifactKey: Guid(ee2c974ed1496d04498abe2e4a1d584f) Importer(815301076,1909f56bfc062723c751e8b465ee728b)
Start importing Assets/Asset/Image/FemaleStreetFighter/007.png using Guid(ee2c974ed1496d04498abe2e4a1d584f) Importer(815301076,1909f56bfc062723c751e8b465ee728b) (PreviewImporter) -> (artifact id: '1998210fe9743c745be78d3ab7daa7aa') in 0.0172469 seconds
Number of updated asset objects reloaded before import = 0Number of asset objects unloaded after import = 3

========================================================================
Received Import Request.
  Time since last request: 0.000019 seconds.
  path: Assets/Asset/Image/FemaleStreetFighter/016.png
  artifactKey: Guid(eb3c53978da3a1948a7e1326c8d1c00f) Importer(815301076,1909f56bfc062723c751e8b465ee728b)
Start importing Assets/Asset/Image/FemaleStreetFighter/016.png using Guid(eb3c53978da3a1948a7e1326c8d1c00f) Importer(815301076,1909f56bfc062723c751e8b465ee728b) (PreviewImporter) -> (artifact id: '5591b658c3032f59990321961d5e301e') in 0.0179294 seconds
Number of updated asset objects reloaded before import = 0Number of asset objects unloaded after import = 3

========================================================================
Received Import Request.
  Time since last request: 59.566582 seconds.
  path: Assets/Asset/Image/FemaleStreetFighter/020.png
  artifactKey: Guid(8694ef7ab0093e043a9e69b8cfa616ea) Importer(815301076,1909f56bfc062723c751e8b465ee728b)
Start importing Assets/Asset/Image/FemaleStreetFighter/020.png using Guid(8694ef7ab0093e043a9e69b8cfa616ea) Importer(815301076,1909f56bfc062723c751e8b465ee728b) (PreviewImporter) -> (artifact id: '07696529e59f4dd93a7cd6586a357e1e') in 0.0185913 seconds
Number of updated asset objects reloaded before import = 0Number of asset objects unloaded after import = 3

========================================================================
Received Import Request.
  Time since last request: 12.712817 seconds.
  path: Assets/Asset/Image/FemaleStreetFighter/023.png
  artifactKey: Guid(e0fa7ff069d08054ca9258388af3d813) Importer(815301076,1909f56bfc062723c751e8b465ee728b)
Start importing Assets/Asset/Image/FemaleStreetFighter/023.png using Guid(e0fa7ff069d08054ca9258388af3d813) Importer(815301076,1909f56bfc062723c751e8b465ee728b) (PreviewImporter) -> (artifact id: '3d7923f9f8d3799b680a3316d58848fd') in 0.0166805 seconds
Number of updated asset objects reloaded before import = 0Number of asset objects unloaded after import = 3

========================================================================
Received Import Request.
  Time since last request: 5.313848 seconds.
  path: Assets/Asset/Image/FemaleStreetFighter/026.png
  artifactKey: Guid(94af0aaa579e8f546a3af2133781b3db) Importer(815301076,1909f56bfc062723c751e8b465ee728b)
Start importing Assets/Asset/Image/FemaleStreetFighter/026.png using Guid(94af0aaa579e8f546a3af2133781b3db) Importer(815301076,1909f56bfc062723c751e8b465ee728b) (PreviewImporter) -> (artifact id: '4b3369395ec754205d73993c223bb338') in 0.0186539 seconds
Number of updated asset objects reloaded before import = 0Number of asset objects unloaded after import = 3

========================================================================
Received Import Request.
  Time since last request: 127.472967 seconds.
  path: Assets/Asset/Image/FemaleStreetFighter/028.png
  artifactKey: Guid(65cc4ee13809480488e715a8d5805588) Importer(815301076,1909f56bfc062723c751e8b465ee728b)
Start importing Assets/Asset/Image/FemaleStreetFighter/028.png using Guid(65cc4ee13809480488e715a8d5805588) Importer(815301076,1909f56bfc062723c751e8b465ee728b) (PreviewImporter) -> (artifact id: '9d01bfa963c76a857480d4a39c35cd99') in 0.0178206 seconds
Number of updated asset objects reloaded before import = 0Number of asset objects unloaded after import = 3

========================================================================
Received Import Request.
  Time since last request: 0.000015 seconds.
  path: Assets/Asset/Image/FemaleStreetFighter/029.png
  artifactKey: Guid(e2a992d73be611a4fb003ffa634be536) Importer(815301076,1909f56bfc062723c751e8b465ee728b)
Start importing Assets/Asset/Image/FemaleStreetFighter/029.png using Guid(e2a992d73be611a4fb003ffa634be536) Importer(815301076,1909f56bfc062723c751e8b465ee728b) (PreviewImporter) -> (artifact id: '16f44d2693f646728309eab39fea47c6') in 0.0170637 seconds
Number of updated asset objects reloaded before import = 0Number of asset objects unloaded after import = 3

========================================================================
Received Import Request.
  Time since last request: 0.251591 seconds.
  path: Assets/Asset/Image/FemaleStreetFighter/031.png
  artifactKey: Guid(e7129aedb38a1ff4cbc71ae792de0d25) Importer(815301076,1909f56bfc062723c751e8b465ee728b)
Start importing Assets/Asset/Image/FemaleStreetFighter/031.png using Guid(e7129aedb38a1ff4cbc71ae792de0d25) Importer(815301076,1909f56bfc062723c751e8b465ee728b) (PreviewImporter) -> (artifact id: 'f210f660f69db3cfd4e568856052fbc1') in 0.0180244 seconds
Number of updated asset objects reloaded before import = 0Number of asset objects unloaded after import = 3

========================================================================
Received Import Request.
  Time since last request: 0.000020 seconds.
  path: Assets/Asset/Image/FemaleStreetFighter/032.png
  artifactKey: Guid(bad6a22cf77de1d44ac941721af29cd4) Importer(815301076,1909f56bfc062723c751e8b465ee728b)
Start importing Assets/Asset/Image/FemaleStreetFighter/032.png using Guid(bad6a22cf77de1d44ac941721af29cd4) Importer(815301076,1909f56bfc062723c751e8b465ee728b) (PreviewImporter) -> (artifact id: 'd65656ca1b8411339743489f3ffded81') in 0.0173077 seconds
Number of updated asset objects reloaded before import = 0Number of asset objects unloaded after import = 3

========================================================================
Received Import Request.
  Time since last request: 0.000020 seconds.
  path: Assets/Asset/Image/FemaleStreetFighter/035.png
  artifactKey: Guid(ad6e25cd2d245d149a7e42fd4e5b3894) Importer(815301076,1909f56bfc062723c751e8b465ee728b)
Start importing Assets/Asset/Image/FemaleStreetFighter/035.png using Guid(ad6e25cd2d245d149a7e42fd4e5b3894) Importer(815301076,1909f56bfc062723c751e8b465ee728b) (PreviewImporter) -> (artifact id: 'ac2c30fcb0582ced39f8764e772be3c3') in 0.0177947 seconds
Number of updated asset objects reloaded before import = 0Number of asset objects unloaded after import = 3

========================================================================
Received Import Request.
  Time since last request: 0.254112 seconds.
  path: Assets/Asset/Image/FemaleStreetFighter/037.png
  artifactKey: Guid(5858913c421618640843ed1352f02255) Importer(815301076,1909f56bfc062723c751e8b465ee728b)
Start importing Assets/Asset/Image/FemaleStreetFighter/037.png using Guid(5858913c421618640843ed1352f02255) Importer(815301076,1909f56bfc062723c751e8b465ee728b) (PreviewImporter) -> (artifact id: '7522ad6f7713c609e8e4f3793ffa1375') in 0.015989 seconds
Number of updated asset objects reloaded before import = 0Number of asset objects unloaded after import = 3

========================================================================
Received Import Request.
  Time since last request: 0.000023 seconds.
  path: Assets/Asset/Image/FemaleStreetFighter/038.png
  artifactKey: Guid(6e9aafd81cf8f7042b00e028cd277b5d) Importer(815301076,1909f56bfc062723c751e8b465ee728b)
Start importing Assets/Asset/Image/FemaleStreetFighter/038.png using Guid(6e9aafd81cf8f7042b00e028cd277b5d) Importer(815301076,1909f56bfc062723c751e8b465ee728b) (PreviewImporter) -> (artifact id: 'e5812c94fe3cef9f48661d77e596a399') in 0.0164304 seconds
Number of updated asset objects reloaded before import = 0Number of asset objects unloaded after import = 3

========================================================================
Received Import Request.
  Time since last request: 0.218436 seconds.
  path: Assets/Asset/Image/FemaleStreetFighter/040.png
  artifactKey: Guid(57d1891bb57094b4dacfb9f9123a17cb) Importer(815301076,1909f56bfc062723c751e8b465ee728b)
Start importing Assets/Asset/Image/FemaleStreetFighter/040.png using Guid(57d1891bb57094b4dacfb9f9123a17cb) Importer(815301076,1909f56bfc062723c751e8b465ee728b) (PreviewImporter) -> (artifact id: 'cdbfbee28c84ed1c4c14c3010aab0d64') in 0.0173249 seconds
Number of updated asset objects reloaded before import = 0Number of asset objects unloaded after import = 3

========================================================================
Received Import Request.
  Time since last request: 0.015110 seconds.
  path: Assets/Asset/Image/FemaleStreetFighter/042.png
  artifactKey: Guid(80f125d881a659243a978a6fc404f2db) Importer(815301076,1909f56bfc062723c751e8b465ee728b)
Start importing Assets/Asset/Image/FemaleStreetFighter/042.png using Guid(80f125d881a659243a978a6fc404f2db) Importer(815301076,1909f56bfc062723c751e8b465ee728b) (PreviewImporter) -> (artifact id: 'aa108f0d8c1c5334674d77f0bc957917') in 0.0169887 seconds
Number of updated asset objects reloaded before import = 0Number of asset objects unloaded after import = 3

========================================================================
Received Import Request.
  Time since last request: 0.000015 seconds.
  path: Assets/Asset/Image/FemaleStreetFighter/044.png
  artifactKey: Guid(b63844bfd76332c4fa8ab791fbfc66a2) Importer(815301076,1909f56bfc062723c751e8b465ee728b)
Start importing Assets/Asset/Image/FemaleStreetFighter/044.png using Guid(b63844bfd76332c4fa8ab791fbfc66a2) Importer(815301076,1909f56bfc062723c751e8b465ee728b) (PreviewImporter) -> (artifact id: '21fa230214a8feffae90b3ea7b9a3bed') in 0.0165169 seconds
Number of updated asset objects reloaded before import = 0Number of asset objects unloaded after import = 3

========================================================================
Received Import Request.
  Time since last request: 0.230293 seconds.
  path: Assets/Asset/Image/FemaleStreetFighter/046.png
  artifactKey: Guid(a9acd69fe87cfb841b8a69216ebee600) Importer(815301076,1909f56bfc062723c751e8b465ee728b)
Start importing Assets/Asset/Image/FemaleStreetFighter/046.png using Guid(a9acd69fe87cfb841b8a69216ebee600) Importer(815301076,1909f56bfc062723c751e8b465ee728b) (PreviewImporter) -> (artifact id: '99daee0102de0ed54dcce9fb5052312c') in 0.0142479 seconds
Number of updated asset objects reloaded before import = 0Number of asset objects unloaded after import = 3

========================================================================
Received Import Request.
  Time since last request: 0.264845 seconds.
  path: Assets/Asset/Image/FemaleStreetFighter/049.png
  artifactKey: Guid(c44d22061e3059e41ac55abc7aab5cde) Importer(815301076,1909f56bfc062723c751e8b465ee728b)
Start importing Assets/Asset/Image/FemaleStreetFighter/049.png using Guid(c44d22061e3059e41ac55abc7aab5cde) Importer(815301076,1909f56bfc062723c751e8b465ee728b) (PreviewImporter) -> (artifact id: '01f3e5268fc577d19928e78ba57a05dd') in 0.0148845 seconds
Number of updated asset objects reloaded before import = 0Number of asset objects unloaded after import = 3

========================================================================
Received Import Request.
  Time since last request: 0.007392 seconds.
  path: Assets/Asset/Image/FemaleStreetFighter/051.png
  artifactKey: Guid(6fb7f6d9c06d1ad4ea327031e0f1c0c6) Importer(815301076,1909f56bfc062723c751e8b465ee728b)
Start importing Assets/Asset/Image/FemaleStreetFighter/051.png using Guid(6fb7f6d9c06d1ad4ea327031e0f1c0c6) Importer(815301076,1909f56bfc062723c751e8b465ee728b) (PreviewImporter) -> (artifact id: 'b3ea57976f0e348d68317b598f252795') in 0.018285 seconds
Number of updated asset objects reloaded before import = 0Number of asset objects unloaded after import = 3

========================================================================
Received Import Request.
  Time since last request: 0.000020 seconds.
  path: Assets/Asset/Image/FemaleStreetFighter/052.png
  artifactKey: Guid(1ba77f4960878304e9c07e768fbf9603) Importer(815301076,1909f56bfc062723c751e8b465ee728b)
Start importing Assets/Asset/Image/FemaleStreetFighter/052.png using Guid(1ba77f4960878304e9c07e768fbf9603) Importer(815301076,1909f56bfc062723c751e8b465ee728b) (PreviewImporter) -> (artifact id: '09410ef83483acb5148c83c8af44ec21') in 0.0161348 seconds
Number of updated asset objects reloaded before import = 0Number of asset objects unloaded after import = 3

========================================================================
Received Import Request.
  Time since last request: 0.254843 seconds.
  path: Assets/Asset/Image/FemaleStreetFighter/055.png
  artifactKey: Guid(51c7fd7a27f09054d8ff2ffe0e689b81) Importer(815301076,1909f56bfc062723c751e8b465ee728b)
Start importing Assets/Asset/Image/FemaleStreetFighter/055.png using Guid(51c7fd7a27f09054d8ff2ffe0e689b81) Importer(815301076,1909f56bfc062723c751e8b465ee728b) (PreviewImporter) -> (artifact id: '2b2cabc1deba16c746b973f0d6e877d0') in 0.019299 seconds
Number of updated asset objects reloaded before import = 0Number of asset objects unloaded after import = 3

========================================================================
Received Import Request.
  Time since last request: 0.000014 seconds.
  path: Assets/Asset/Image/FemaleStreetFighter/056.png
  artifactKey: Guid(9e4afb434f0f5b243a7b9b162007ccae) Importer(815301076,1909f56bfc062723c751e8b465ee728b)
Start importing Assets/Asset/Image/FemaleStreetFighter/056.png using Guid(9e4afb434f0f5b243a7b9b162007ccae) Importer(815301076,1909f56bfc062723c751e8b465ee728b) (PreviewImporter) -> (artifact id: '48186fefa3f6306997941e2df21f71e1') in 0.017205 seconds
Number of updated asset objects reloaded before import = 0Number of asset objects unloaded after import = 3

========================================================================
Received Import Request.
  Time since last request: 0.191017 seconds.
  path: Assets/Asset/Image/FemaleStreetFighter/058.png
  artifactKey: Guid(176589bf960565846a5862bc97a7a63f) Importer(815301076,1909f56bfc062723c751e8b465ee728b)
Start importing Assets/Asset/Image/FemaleStreetFighter/058.png using Guid(176589bf960565846a5862bc97a7a63f) Importer(815301076,1909f56bfc062723c751e8b465ee728b) (PreviewImporter) -> (artifact id: '44432404476030a4f0ef1a9aad08350f') in 0.0152711 seconds
Number of updated asset objects reloaded before import = 0Number of asset objects unloaded after import = 3

========================================================================
Received Import Request.
  Time since last request: 0.252732 seconds.
  path: Assets/Asset/Image/FemaleStreetFighter/061.png
  artifactKey: Guid(2034394188897fd4b9a5f1db2cdd456e) Importer(815301076,1909f56bfc062723c751e8b465ee728b)
Start importing Assets/Asset/Image/FemaleStreetFighter/061.png using Guid(2034394188897fd4b9a5f1db2cdd456e) Importer(815301076,1909f56bfc062723c751e8b465ee728b) (PreviewImporter) -> (artifact id: 'c164f6f49f610cfd232d5210e944258a') in 0.0154981 seconds
Number of updated asset objects reloaded before import = 0Number of asset objects unloaded after import = 3

========================================================================
Received Import Request.
  Time since last request: 0.279506 seconds.
  path: Assets/Asset/Image/FemaleStreetFighter/064.png
  artifactKey: Guid(b0d7b59476a93e843a0a383b6b2e2add) Importer(815301076,1909f56bfc062723c751e8b465ee728b)
Start importing Assets/Asset/Image/FemaleStreetFighter/064.png using Guid(b0d7b59476a93e843a0a383b6b2e2add) Importer(815301076,1909f56bfc062723c751e8b465ee728b) (PreviewImporter) -> (artifact id: '8fd8a4e4b93336384e92ebc10f25e444') in 0.0168094 seconds
Number of updated asset objects reloaded before import = 0Number of asset objects unloaded after import = 3

========================================================================
Received Import Request.
  Time since last request: 0.005662 seconds.
  path: Assets/Asset/Image/FemaleStreetFighter/066.png
  artifactKey: Guid(1a1e72001c37a0e499f4dd4b7b52c062) Importer(815301076,1909f56bfc062723c751e8b465ee728b)
Start importing Assets/Asset/Image/FemaleStreetFighter/066.png using Guid(1a1e72001c37a0e499f4dd4b7b52c062) Importer(815301076,1909f56bfc062723c751e8b465ee728b) (PreviewImporter) -> (artifact id: 'b6d8a8e6362b9ca4f0d8b095eb64b0d2') in 0.0166151 seconds
Number of updated asset objects reloaded before import = 0Number of asset objects unloaded after import = 3

========================================================================
Received Import Request.
  Time since last request: 0.000014 seconds.
  path: Assets/Asset/Image/FemaleStreetFighter/068.png
  artifactKey: Guid(1e8a3e2243c1346498610f0d607b9fec) Importer(815301076,1909f56bfc062723c751e8b465ee728b)
Start importing Assets/Asset/Image/FemaleStreetFighter/068.png using Guid(1e8a3e2243c1346498610f0d607b9fec) Importer(815301076,1909f56bfc062723c751e8b465ee728b) (PreviewImporter) -> (artifact id: '9f8bf3752bcfe8e94d3855a422afc4d8') in 0.0169129 seconds
Number of updated asset objects reloaded before import = 0Number of asset objects unloaded after import = 3

========================================================================
Received Import Request.
  Time since last request: 0.000024 seconds.
  path: Assets/Asset/Image/FemaleStreetFighter/070.png
  artifactKey: Guid(8a6e0ad199a1057489b4645cc14b89a1) Importer(815301076,1909f56bfc062723c751e8b465ee728b)
Start importing Assets/Asset/Image/FemaleStreetFighter/070.png using Guid(8a6e0ad199a1057489b4645cc14b89a1) Importer(815301076,1909f56bfc062723c751e8b465ee728b) (PreviewImporter) -> (artifact id: '71e90f6b0564647a1b8b617c5ad28f24') in 0.0168437 seconds
Number of updated asset objects reloaded before import = 0Number of asset objects unloaded after import = 3

========================================================================
Received Import Request.
  Time since last request: 0.000016 seconds.
  path: Assets/Asset/Image/FemaleStreetFighter/071.png
  artifactKey: Guid(62e8720e09111ab4586679fa300c03c7) Importer(815301076,1909f56bfc062723c751e8b465ee728b)
Start importing Assets/Asset/Image/FemaleStreetFighter/071.png using Guid(62e8720e09111ab4586679fa300c03c7) Importer(815301076,1909f56bfc062723c751e8b465ee728b) (PreviewImporter) -> (artifact id: 'b38746aaeaa58a0fdc024289ac66c913') in 0.0150027 seconds
Number of updated asset objects reloaded before import = 0Number of asset objects unloaded after import = 3

========================================================================
Received Import Request.
  Time since last request: 0.321738 seconds.
  path: Assets/Asset/Image/FemaleStreetFighter/073.png
  artifactKey: Guid(a0c7f36a2c3421a47a57dfadf3b707e3) Importer(815301076,1909f56bfc062723c751e8b465ee728b)
Start importing Assets/Asset/Image/FemaleStreetFighter/073.png using Guid(a0c7f36a2c3421a47a57dfadf3b707e3) Importer(815301076,1909f56bfc062723c751e8b465ee728b) (PreviewImporter) -> (artifact id: '863c5d07736055f373395eb93e2b6675') in 0.0183987 seconds
Number of updated asset objects reloaded before import = 0Number of asset objects unloaded after import = 3

========================================================================
Received Import Request.
  Time since last request: 0.298371 seconds.
  path: Assets/Asset/Image/FemaleStreetFighter/076.png
  artifactKey: Guid(9f6792a8b9bd9e1458b83e28ba2d0c8a) Importer(815301076,1909f56bfc062723c751e8b465ee728b)
Start importing Assets/Asset/Image/FemaleStreetFighter/076.png using Guid(9f6792a8b9bd9e1458b83e28ba2d0c8a) Importer(815301076,1909f56bfc062723c751e8b465ee728b) (PreviewImporter) -> (artifact id: 'e9c74909ac19e5ad65552f985c9f22e7') in 0.0175397 seconds
Number of updated asset objects reloaded before import = 0Number of asset objects unloaded after import = 3

========================================================================
Received Import Request.
  Time since last request: 0.006837 seconds.
  path: Assets/Asset/Image/FemaleStreetFighter/078.png
  artifactKey: Guid(c6a8d81766d0f7047b6380e9c381b03c) Importer(815301076,1909f56bfc062723c751e8b465ee728b)
Start importing Assets/Asset/Image/FemaleStreetFighter/078.png using Guid(c6a8d81766d0f7047b6380e9c381b03c) Importer(815301076,1909f56bfc062723c751e8b465ee728b) (PreviewImporter) -> (artifact id: '34bf7c880dd9cfff7800043d13343e47') in 0.0173483 seconds
Number of updated asset objects reloaded before import = 0Number of asset objects unloaded after import = 3

========================================================================
Received Import Request.
  Time since last request: 0.000015 seconds.
  path: Assets/Asset/Image/FemaleStreetFighter/080.png
  artifactKey: Guid(2b44c997256f8f845a81713e36a08a47) Importer(815301076,1909f56bfc062723c751e8b465ee728b)
Start importing Assets/Asset/Image/FemaleStreetFighter/080.png using Guid(2b44c997256f8f845a81713e36a08a47) Importer(815301076,1909f56bfc062723c751e8b465ee728b) (PreviewImporter) -> (artifact id: '1600faf9b6acf974c9bb5efb793aaecc') in 0.0186208 seconds
Number of updated asset objects reloaded before import = 0Number of asset objects unloaded after import = 3

========================================================================
Received Import Request.
  Time since last request: 0.215633 seconds.
  path: Assets/Asset/Image/FemaleStreetFighter/082.png
  artifactKey: Guid(acc99479a76c85c428133d389ee347f5) Importer(815301076,1909f56bfc062723c751e8b465ee728b)
Start importing Assets/Asset/Image/FemaleStreetFighter/082.png using Guid(acc99479a76c85c428133d389ee347f5) Importer(815301076,1909f56bfc062723c751e8b465ee728b) (PreviewImporter) -> (artifact id: '403c633ce5fde2a6bc7821162c9bb4d8') in 0.0205138 seconds
Number of updated asset objects reloaded before import = 0Number of asset objects unloaded after import = 3

========================================================================
Received Import Request.
  Time since last request: 0.246975 seconds.
  path: Assets/Asset/Image/FemaleStreetFighter/085.png
  artifactKey: Guid(0f6d3031061801f40b415ed8873720b0) Importer(815301076,1909f56bfc062723c751e8b465ee728b)
Start importing Assets/Asset/Image/FemaleStreetFighter/085.png using Guid(0f6d3031061801f40b415ed8873720b0) Importer(815301076,1909f56bfc062723c751e8b465ee728b) (PreviewImporter) -> (artifact id: 'b1380ead809d70233dab63cb82262c43') in 0.0180357 seconds
Number of updated asset objects reloaded before import = 0Number of asset objects unloaded after import = 3

========================================================================
Received Import Request.
  Time since last request: 0.009639 seconds.
  path: Assets/Asset/Image/FemaleStreetFighter/087.png
  artifactKey: Guid(cbc9de3d1c21238498fa7751834fd223) Importer(815301076,1909f56bfc062723c751e8b465ee728b)
Start importing Assets/Asset/Image/FemaleStreetFighter/087.png using Guid(cbc9de3d1c21238498fa7751834fd223) Importer(815301076,1909f56bfc062723c751e8b465ee728b) (PreviewImporter) -> (artifact id: '8c9a5bf9710525e848fea7b083f7ca69') in 0.0189411 seconds
Number of updated asset objects reloaded before import = 0Number of asset objects unloaded after import = 3

========================================================================
Received Import Request.
  Time since last request: 0.000019 seconds.
  path: Assets/Asset/Image/FemaleStreetFighter/089.png
  artifactKey: Guid(a2c9029b9214332409d3dc16a29d9ce2) Importer(815301076,1909f56bfc062723c751e8b465ee728b)
Start importing Assets/Asset/Image/FemaleStreetFighter/089.png using Guid(a2c9029b9214332409d3dc16a29d9ce2) Importer(815301076,1909f56bfc062723c751e8b465ee728b) (PreviewImporter) -> (artifact id: 'd1610c6b343191ea9329c0a740fd9335') in 0.0192671 seconds
Number of updated asset objects reloaded before import = 0Number of asset objects unloaded after import = 3

========================================================================
Received Import Request.
  Time since last request: 0.805833 seconds.
  path: Assets/Asset/Image/FemaleStreetFighter/091.png
  artifactKey: Guid(23abe2a771b56c44096a0d0c38bb4515) Importer(815301076,1909f56bfc062723c751e8b465ee728b)
Start importing Assets/Asset/Image/FemaleStreetFighter/091.png using Guid(23abe2a771b56c44096a0d0c38bb4515) Importer(815301076,1909f56bfc062723c751e8b465ee728b) (PreviewImporter) -> (artifact id: 'd27c9014b072c3edb809c618e87045ef') in 0.0159624 seconds
Number of updated asset objects reloaded before import = 0Number of asset objects unloaded after import = 3

========================================================================
Received Import Request.
  Time since last request: 0.539105 seconds.
  path: Assets/Asset/Image/FemaleStreetFighter/094.png
  artifactKey: Guid(507b8b9887fa9a74bbd487a3bd1d4821) Importer(815301076,1909f56bfc062723c751e8b465ee728b)
Start importing Assets/Asset/Image/FemaleStreetFighter/094.png using Guid(507b8b9887fa9a74bbd487a3bd1d4821) Importer(815301076,1909f56bfc062723c751e8b465ee728b) (PreviewImporter) -> (artifact id: '89a88b179ed2e59e72e1369591005e6f') in 0.0163421 seconds
Number of updated asset objects reloaded before import = 0Number of asset objects unloaded after import = 3

========================================================================
Received Import Request.
  Time since last request: 0.000017 seconds.
  path: Assets/Asset/Image/FemaleStreetFighter/095.png
  artifactKey: Guid(3425a983bba0dda4893801e509a0b8fb) Importer(815301076,1909f56bfc062723c751e8b465ee728b)
Start importing Assets/Asset/Image/FemaleStreetFighter/095.png using Guid(3425a983bba0dda4893801e509a0b8fb) Importer(815301076,1909f56bfc062723c751e8b465ee728b) (PreviewImporter) -> (artifact id: 'bd27879f88be24334a2472bc1b586a99') in 0.021207 seconds
Number of updated asset objects reloaded before import = 0Number of asset objects unloaded after import = 3

========================================================================
Received Import Request.
  Time since last request: 8.497023 seconds.
  path: Assets/Asset/Image/FemaleStreetFighter/098.png
  artifactKey: Guid(6b66d64a456d93841b76b1247ecff780) Importer(815301076,1909f56bfc062723c751e8b465ee728b)
Start importing Assets/Asset/Image/FemaleStreetFighter/098.png using Guid(6b66d64a456d93841b76b1247ecff780) Importer(815301076,1909f56bfc062723c751e8b465ee728b) (PreviewImporter) -> (artifact id: 'd2524150746173624586f4831d495622') in 0.0184037 seconds
Number of updated asset objects reloaded before import = 0Number of asset objects unloaded after import = 3

========================================================================
Received Import Request.
  Time since last request: 1.242983 seconds.
  path: Assets/Asset/Image/FemaleStreetFighter/101.png
  artifactKey: Guid(42fcb64f072c28c40aab881feeeeb5d0) Importer(815301076,1909f56bfc062723c751e8b465ee728b)
Start importing Assets/Asset/Image/FemaleStreetFighter/101.png using Guid(42fcb64f072c28c40aab881feeeeb5d0) Importer(815301076,1909f56bfc062723c751e8b465ee728b) (PreviewImporter) -> (artifact id: 'de19eb01bc2327dca77abfa4c8aa0ce4') in 0.0172836 seconds
Number of updated asset objects reloaded before import = 0Number of asset objects unloaded after import = 3

========================================================================
Received Import Request.
  Time since last request: 0.010375 seconds.
  path: Assets/Asset/Image/FemaleStreetFighter/104.png
  artifactKey: Guid(f0a1f58363599b549b6d784cc514efd4) Importer(815301076,1909f56bfc062723c751e8b465ee728b)
Start importing Assets/Asset/Image/FemaleStreetFighter/104.png using Guid(f0a1f58363599b549b6d784cc514efd4) Importer(815301076,1909f56bfc062723c751e8b465ee728b) (PreviewImporter) -> (artifact id: '7a80fa945d3d606b782d055adf1ac850') in 0.0163677 seconds
Number of updated asset objects reloaded before import = 0Number of asset objects unloaded after import = 3

========================================================================
Received Import Request.
  Time since last request: 0.514797 seconds.
  path: Assets/Asset/Image/FemaleStreetFighter/107.png
  artifactKey: Guid(2e9fcf7af15153245b6fb1164aca9e79) Importer(815301076,1909f56bfc062723c751e8b465ee728b)
Start importing Assets/Asset/Image/FemaleStreetFighter/107.png using Guid(2e9fcf7af15153245b6fb1164aca9e79) Importer(815301076,1909f56bfc062723c751e8b465ee728b) (PreviewImporter) -> (artifact id: '7544a36bae4a2fcd1fe2ac0d19dbe9b4') in 0.0179674 seconds
Number of updated asset objects reloaded before import = 0Number of asset objects unloaded after import = 3

========================================================================
Received Import Request.
  Time since last request: 0.623857 seconds.
  path: Assets/Asset/Image/FemaleStreetFighter/110.png
  artifactKey: Guid(15c6a2ae314643746b534045467acd15) Importer(815301076,1909f56bfc062723c751e8b465ee728b)
Start importing Assets/Asset/Image/FemaleStreetFighter/110.png using Guid(15c6a2ae314643746b534045467acd15) Importer(815301076,1909f56bfc062723c751e8b465ee728b) (PreviewImporter) -> (artifact id: '25871e652a78cfc04ed071f69d41091f') in 0.0171026 seconds
Number of updated asset objects reloaded before import = 0Number of asset objects unloaded after import = 3

========================================================================
Received Import Request.
  Time since last request: 0.003303 seconds.
  path: Assets/Asset/Image/FemaleStreetFighter/113.png
  artifactKey: Guid(2cad3868d79a141418a4a0287930100c) Importer(815301076,1909f56bfc062723c751e8b465ee728b)
Start importing Assets/Asset/Image/FemaleStreetFighter/113.png using Guid(2cad3868d79a141418a4a0287930100c) Importer(815301076,1909f56bfc062723c751e8b465ee728b) (PreviewImporter) -> (artifact id: 'a9cf0392d4e4c1a6cdfadba93d5fe30f') in 0.0156132 seconds
Number of updated asset objects reloaded before import = 0Number of asset objects unloaded after import = 3

========================================================================
Received Import Request.
  Time since last request: 1.061724 seconds.
  path: Assets/Asset/Image/FemaleStreetFighter/116.png
  artifactKey: Guid(9b1de51bf394ef24e9a5a7c49af0235c) Importer(815301076,1909f56bfc062723c751e8b465ee728b)
Start importing Assets/Asset/Image/FemaleStreetFighter/116.png using Guid(9b1de51bf394ef24e9a5a7c49af0235c) Importer(815301076,1909f56bfc062723c751e8b465ee728b) (PreviewImporter) -> (artifact id: '62b5746968556b1d56cba8b6d5cf8f3a') in 0.0181971 seconds
Number of updated asset objects reloaded before import = 0Number of asset objects unloaded after import = 3

========================================================================
Received Import Request.
  Time since last request: 0.540885 seconds.
  path: Assets/Asset/Image/FemaleStreetFighter/119.png
  artifactKey: Guid(5322c6ae72617ca47b3bc3b4188cb411) Importer(815301076,1909f56bfc062723c751e8b465ee728b)
Start importing Assets/Asset/Image/FemaleStreetFighter/119.png using Guid(5322c6ae72617ca47b3bc3b4188cb411) Importer(815301076,1909f56bfc062723c751e8b465ee728b) (PreviewImporter) -> (artifact id: 'cff9bb467c61ee4967c4676d8e98df76') in 0.0195187 seconds
Number of updated asset objects reloaded before import = 0Number of asset objects unloaded after import = 3

========================================================================
Received Import Request.
  Time since last request: 0.010917 seconds.
  path: Assets/Asset/Image/FemaleStreetFighter/122.png
  artifactKey: Guid(5063f55625dad704ca01434b1790ddb5) Importer(815301076,1909f56bfc062723c751e8b465ee728b)
Start importing Assets/Asset/Image/FemaleStreetFighter/122.png using Guid(5063f55625dad704ca01434b1790ddb5) Importer(815301076,1909f56bfc062723c751e8b465ee728b) (PreviewImporter) -> (artifact id: 'd66c4d5752438d27f4c986c7f756cc4a') in 0.0162123 seconds
Number of updated asset objects reloaded before import = 0Number of asset objects unloaded after import = 3

========================================================================
Received Import Request.
  Time since last request: 0.377956 seconds.
  path: Assets/Asset/Image/FemaleStreetFighter/125.png
  artifactKey: Guid(365f1f7dccb52a845abf83955c5137d4) Importer(815301076,1909f56bfc062723c751e8b465ee728b)
Start importing Assets/Asset/Image/FemaleStreetFighter/125.png using Guid(365f1f7dccb52a845abf83955c5137d4) Importer(815301076,1909f56bfc062723c751e8b465ee728b) (PreviewImporter) -> (artifact id: 'cafb9f750d6641bbd427188d5e1f7135') in 0.0208191 seconds
Number of updated asset objects reloaded before import = 0Number of asset objects unloaded after import = 3

========================================================================
Received Import Request.
  Time since last request: 1.032407 seconds.
  path: Assets/Asset/Image/FemaleStreetFighter/134.png
  artifactKey: Guid(f07f30e6ec087c14bbb3a2e63a2666a8) Importer(815301076,1909f56bfc062723c751e8b465ee728b)
Start importing Assets/Asset/Image/FemaleStreetFighter/134.png using Guid(f07f30e6ec087c14bbb3a2e63a2666a8) Importer(815301076,1909f56bfc062723c751e8b465ee728b) (PreviewImporter) -> (artifact id: 'c7a046cc2242d6b47451f49b088a5663') in 0.0186604 seconds
Number of updated asset objects reloaded before import = 0Number of asset objects unloaded after import = 3

========================================================================
Received Import Request.
  Time since last request: 0.435237 seconds.
  path: Assets/Asset/Image/FemaleStreetFighter/137.png
  artifactKey: Guid(a74b72a072267164bba78bba0aae431b) Importer(815301076,1909f56bfc062723c751e8b465ee728b)
Start importing Assets/Asset/Image/FemaleStreetFighter/137.png using Guid(a74b72a072267164bba78bba0aae431b) Importer(815301076,1909f56bfc062723c751e8b465ee728b) (PreviewImporter) -> (artifact id: 'b6702b4993a41f3d75cfd3a18b8cc599') in 0.0183339 seconds
Number of updated asset objects reloaded before import = 0Number of asset objects unloaded after import = 3

========================================================================
Received Import Request.
  Time since last request: 7.181609 seconds.
  path: Assets/Asset/Image/FemaleStreetFighter/140.png
  artifactKey: Guid(3596df564ce25af47a0bf540d823c4b9) Importer(815301076,1909f56bfc062723c751e8b465ee728b)
Start importing Assets/Asset/Image/FemaleStreetFighter/140.png using Guid(3596df564ce25af47a0bf540d823c4b9) Importer(815301076,1909f56bfc062723c751e8b465ee728b) (PreviewImporter) -> (artifact id: 'a2c2441cbf3be4ad93a9a92ac90893b5') in 0.0183528 seconds
Number of updated asset objects reloaded before import = 0Number of asset objects unloaded after import = 3

========================================================================
Received Import Request.
  Time since last request: 152.371727 seconds.
  path: Assets/Asset/Image/FemaleStreetFighter/142.png
  artifactKey: Guid(c3dc94f636102e74183b38919b172a6e) Importer(815301076,1909f56bfc062723c751e8b465ee728b)
Start importing Assets/Asset/Image/FemaleStreetFighter/142.png using Guid(c3dc94f636102e74183b38919b172a6e) Importer(815301076,1909f56bfc062723c751e8b465ee728b) (PreviewImporter) -> (artifact id: '51f010621938090b522de6b35860f3dc') in 0.0186686 seconds
Number of updated asset objects reloaded before import = 0Number of asset objects unloaded after import = 3

========================================================================
Received Import Request.
  Time since last request: 0.000019 seconds.
  path: Assets/Asset/Image/FemaleStreetFighter/143.png
  artifactKey: Guid(54349fef5834540489d417c8778ccbb9) Importer(815301076,1909f56bfc062723c751e8b465ee728b)
Start importing Assets/Asset/Image/FemaleStreetFighter/143.png using Guid(54349fef5834540489d417c8778ccbb9) Importer(815301076,1909f56bfc062723c751e8b465ee728b) (PreviewImporter) -> (artifact id: 'fa994112d4ffdc6ab23692d728948b43') in 0.0163995 seconds
Number of updated asset objects reloaded before import = 0Number of asset objects unloaded after import = 3

========================================================================
Received Import Request.
  Time since last request: 0.441119 seconds.
  path: Assets/Asset/Image/FemaleStreetFighter/145.png
  artifactKey: Guid(c95a5b14b46bec04ba2e53f442e45ffc) Importer(815301076,1909f56bfc062723c751e8b465ee728b)
Start importing Assets/Asset/Image/FemaleStreetFighter/145.png using Guid(c95a5b14b46bec04ba2e53f442e45ffc) Importer(815301076,1909f56bfc062723c751e8b465ee728b) (PreviewImporter) -> (artifact id: '6f2c1e7f741ff32d7ae672292511742a') in 0.0184765 seconds
Number of updated asset objects reloaded before import = 0Number of asset objects unloaded after import = 3

========================================================================
Received Import Request.
  Time since last request: 0.000020 seconds.
  path: Assets/Asset/Image/FemaleStreetFighter/146.png
  artifactKey: Guid(2d1e788fe661ce048b49ba139c8ec4d6) Importer(815301076,1909f56bfc062723c751e8b465ee728b)
Start importing Assets/Asset/Image/FemaleStreetFighter/146.png using Guid(2d1e788fe661ce048b49ba139c8ec4d6) Importer(815301076,1909f56bfc062723c751e8b465ee728b) (PreviewImporter) -> (artifact id: '683cf939a286697a6c5d38e9652eca2d') in 0.0169099 seconds
Number of updated asset objects reloaded before import = 0Number of asset objects unloaded after import = 3

========================================================================
Received Import Request.
  Time since last request: 0.211392 seconds.
  path: Assets/Asset/Image/FemaleStreetFighter/148.png
  artifactKey: Guid(a5d4c24f20835ca42992566594384dde) Importer(815301076,1909f56bfc062723c751e8b465ee728b)
Start importing Assets/Asset/Image/FemaleStreetFighter/148.png using Guid(a5d4c24f20835ca42992566594384dde) Importer(815301076,1909f56bfc062723c751e8b465ee728b) (PreviewImporter) -> (artifact id: '3579dd6b739983e44f56c7f6b461a950') in 0.0172894 seconds
Number of updated asset objects reloaded before import = 0Number of asset objects unloaded after import = 3

========================================================================
Received Import Request.
  Time since last request: 0.693440 seconds.
  path: Assets/Asset/Image/FemaleStreetFighter/151.png
  artifactKey: Guid(976c5218a7b5dfa4ea565a10a25494a4) Importer(815301076,1909f56bfc062723c751e8b465ee728b)
Start importing Assets/Asset/Image/FemaleStreetFighter/151.png using Guid(976c5218a7b5dfa4ea565a10a25494a4) Importer(815301076,1909f56bfc062723c751e8b465ee728b) (PreviewImporter) -> (artifact id: 'ec314a8d5c15fc9046d06a6a53aae0c6') in 0.0167542 seconds
Number of updated asset objects reloaded before import = 0Number of asset objects unloaded after import = 3

