Using pre-set license
Built from '6000.0/staging' branch; Version is '6000.0.40f1 (157d81624ddf) revision 1408385'; Using compiler version '193933523'; Build Type 'Release'
OS: 'Windows 11  (10.0.26100) 64bit Professional' Language: 'ko' Physical Memory: 32397 MB
BatchMode: 1, IsHumanControllingUs: 0, StartBugReporterOnCrash: 0, Is64bit: 1, IsPro: 1

COMMAND LINE ARGUMENTS:
C:\Program Files\Unity\Hub\Editor\6000.0.40f1\Editor\Unity.exe
-adb2
-batchMode
-noUpm
-name
AssetImportWorker2
-projectPath
C:/Users/asdgh/OneDrive/바탕 화면/Study/2DSideScroll/ShadowDash
-logFile
Logs/AssetImportWorker2.log
-srvPort
51406
-job-worker-count
5
-background-job-worker-count
8
-gc-helper-count
1
Successfully changed project path to: C:/Users/asdgh/OneDrive/바탕 화면/Study/2DSideScroll/ShadowDash
C:/Users/asdgh/OneDrive/바탕 화면/Study/2DSideScroll/ShadowDash
[UnityMemory] Configuration Parameters - Can be set up in boot.config
    "memorysetup-bucket-allocator-granularity=16"
    "memorysetup-bucket-allocator-bucket-count=8"
    "memorysetup-bucket-allocator-block-size=33554432"
    "memorysetup-bucket-allocator-block-count=8"
    "memorysetup-main-allocator-block-size=16777216"
    "memorysetup-thread-allocator-block-size=16777216"
    "memorysetup-gfx-main-allocator-block-size=16777216"
    "memorysetup-gfx-thread-allocator-block-size=16777216"
    "memorysetup-cache-allocator-block-size=4194304"
    "memorysetup-typetree-allocator-block-size=2097152"
    "memorysetup-profiler-bucket-allocator-granularity=16"
    "memorysetup-profiler-bucket-allocator-bucket-count=8"
    "memorysetup-profiler-bucket-allocator-block-size=33554432"
    "memorysetup-profiler-bucket-allocator-block-count=8"
    "memorysetup-profiler-allocator-block-size=16777216"
    "memorysetup-profiler-editor-allocator-block-size=1048576"
    "memorysetup-temp-allocator-size-main=16777216"
    "memorysetup-job-temp-allocator-block-size=2097152"
    "memorysetup-job-temp-allocator-block-size-background=1048576"
    "memorysetup-job-temp-allocator-reduction-small-platforms=262144"
    "memorysetup-allocator-temp-initial-block-size-main=262144"
    "memorysetup-allocator-temp-initial-block-size-worker=262144"
    "memorysetup-temp-allocator-size-background-worker=32768"
    "memorysetup-temp-allocator-size-job-worker=262144"
    "memorysetup-temp-allocator-size-preload-manager=33554432"
    "memorysetup-temp-allocator-size-nav-mesh-worker=65536"
    "memorysetup-temp-allocator-size-audio-worker=65536"
    "memorysetup-temp-allocator-size-cloud-worker=32768"
    "memorysetup-temp-allocator-size-gi-baking-worker=262144"
    "memorysetup-temp-allocator-size-gi-baking-worker=262144"
    "memorysetup-temp-allocator-size-gi-baking-worker=262144"
    "memorysetup-temp-allocator-size-gi-baking-worker=262144"
    "memorysetup-temp-allocator-size-gi-baking-worker=262144"
    "memorysetup-temp-allocator-size-gfx=262144"
Player connection [38132]  Target information:

Player connection [38132]  * "[IP] 121.179.63.129 [Port] 0 [Flags] 2 [Guid] 2477915034 [EditorId] 2477915034 [Version] 1048832 [Id] WindowsEditor(7,SangWon) [Debug] 1 [PackageName] WindowsEditor [ProjectName] Editor" 

Player connection [38132] Host joined multi-casting on [225.0.0.222:54997]...
Player connection [38132] Host joined alternative multi-casting on [225.0.0.222:34997]...
JobSystem: Creating JobQueue using job-worker-count value 5
Input System module state changed to: Initialized.
[Physics::Module] Initialized fallback backend.
[Physics::Module] Id: 0xdecafbad
Library Redirect Path: Library/
[Physics::Module] Selected backend.
[Physics::Module] Name: PhysX
[Physics::Module] Id: 0xf2b8ea05
[Physics::Module] SDK Version: 4.1.2
[Physics::Module] Integration Version: 1.0.0
[Physics::Module] Threading Mode: Multi-Threaded
Refreshing native plugins compatible for Editor in 165.77 ms, found 4 plugins.
Preloading 0 native plugins for Editor in 0.00 ms.
Initialize engine version: 6000.0.40f1 (157d81624ddf)
[Subsystems] Discovering subsystems at path C:/Program Files/Unity/Hub/Editor/6000.0.40f1/Editor/Data/Resources/UnitySubsystems
[Subsystems] Discovering subsystems at path C:/Users/asdgh/OneDrive/바탕 화면/Study/2DSideScroll/ShadowDash/Assets
GfxDevice: creating device client; kGfxThreadingModeNonThreaded
Direct3D:
    Version:  Direct3D 11.0 [level 11.1]
    Renderer: NVIDIA GeForce RTX 4060 Ti (ID=0x2803)
    Vendor:   NVIDIA
    VRAM:     7949 MB
    Driver:   32.0.15.6636
Initialize mono
Mono path[0] = 'C:/Program Files/Unity/Hub/Editor/6000.0.40f1/Editor/Data/Managed'
Mono path[1] = 'C:/Program Files/Unity/Hub/Editor/6000.0.40f1/Editor/Data/MonoBleedingEdge/lib/mono/unityjit-win32'
Mono config path = 'C:/Program Files/Unity/Hub/Editor/6000.0.40f1/Editor/Data/MonoBleedingEdge/etc'
Using monoOptions --debugger-agent=transport=dt_socket,embedding=1,server=y,suspend=n,address=127.0.0.1:56308
Begin MonoManager ReloadAssembly
Registering precompiled unity dll's ...
Register platform support module: C:/Program Files/Unity/Hub/Editor/6000.0.40f1/Editor/Data/PlaybackEngines/WebGLSupport/UnityEditor.WebGL.Extensions.dll
Register platform support module: C:/Program Files/Unity/Hub/Editor/6000.0.40f1/Editor/Data/PlaybackEngines/WindowsStandaloneSupport/UnityEditor.WindowsStandalone.Extensions.dll
Register platform support module: C:/Program Files/Unity/Hub/Editor/6000.0.40f1/Editor/Data/PlaybackEngines/MetroSupport/UnityEditor.UWP.Extensions.dll
Register platform support module: C:/Program Files/Unity/Hub/Editor/6000.0.40f1/Editor/Data/PlaybackEngines/AndroidPlayer/UnityEditor.Android.Extensions.dll
Registered in 0.004399 seconds.
- Loaded All Assemblies, in  1.049 seconds
Native extension for Android target not found
Android Extension - Scanning For ADB Devices 252 ms
Native extension for UWP target not found
Native extension for WindowsStandalone target not found
Native extension for WebGL target not found
Mono: successfully reloaded assembly
- Finished resetting the current domain, in  0.568 seconds
Domain Reload Profiling: 1616ms
	BeginReloadAssembly (104ms)
		ExecutionOrderSort (0ms)
		DisableScriptedObjects (0ms)
		BackupInstance (0ms)
		ReleaseScriptingObjects (0ms)
		CreateAndSetChildDomain (1ms)
	RebuildCommonClasses (166ms)
	RebuildNativeTypeToScriptingClass (10ms)
	initialDomainReloadingComplete (42ms)
	LoadAllAssembliesAndSetupDomain (724ms)
		LoadAssemblies (103ms)
		RebuildTransferFunctionScriptingTraits (0ms)
		AnalyzeDomain (721ms)
			TypeCache.Refresh (719ms)
				TypeCache.ScanAssembly (709ms)
			BuildScriptInfoCaches (0ms)
			ResolveRequiredComponents (1ms)
	FinalizeReload (569ms)
		ReleaseScriptCaches (0ms)
		RebuildScriptCaches (0ms)
		SetupLoadedEditorAssemblies (531ms)
			LogAssemblyErrors (0ms)
			InitializePlatformSupportModulesInManaged (332ms)
			SetLoadedEditorAssemblies (5ms)
			BeforeProcessingInitializeOnLoad (39ms)
			ProcessInitializeOnLoadAttributes (97ms)
			ProcessInitializeOnLoadMethodAttributes (59ms)
			AfterProcessingInitializeOnLoad (0ms)
			EditorAssembliesLoaded (0ms)
		ExecutionOrderSort2 (0ms)
		AwakeInstancesAfterBackupRestoration (0ms)
========================================================================
Worker process is ready to serve import requests
Import Worker Mode flag is 0x00
Begin MonoManager ReloadAssembly
- Loaded All Assemblies, in  0.791 seconds
Refreshing native plugins compatible for Editor in 1.44 ms, found 4 plugins.
Native extension for Android target not found
Native extension for UWP target not found
Native extension for WindowsStandalone target not found
Native extension for WebGL target not found
Mono: successfully reloaded assembly
- Finished resetting the current domain, in  1.117 seconds
Domain Reload Profiling: 1903ms
	BeginReloadAssembly (142ms)
		ExecutionOrderSort (0ms)
		DisableScriptedObjects (5ms)
		BackupInstance (0ms)
		ReleaseScriptingObjects (0ms)
		CreateAndSetChildDomain (30ms)
	RebuildCommonClasses (29ms)
	RebuildNativeTypeToScriptingClass (10ms)
	initialDomainReloadingComplete (30ms)
	LoadAllAssembliesAndSetupDomain (573ms)
		LoadAssemblies (304ms)
		RebuildTransferFunctionScriptingTraits (0ms)
		AnalyzeDomain (348ms)
			TypeCache.Refresh (286ms)
				TypeCache.ScanAssembly (226ms)
			BuildScriptInfoCaches (51ms)
			ResolveRequiredComponents (8ms)
	FinalizeReload (1118ms)
		ReleaseScriptCaches (0ms)
		RebuildScriptCaches (0ms)
		SetupLoadedEditorAssemblies (658ms)
			LogAssemblyErrors (0ms)
			InitializePlatformSupportModulesInManaged (11ms)
			SetLoadedEditorAssemblies (5ms)
			BeforeProcessingInitializeOnLoad (95ms)
			ProcessInitializeOnLoadAttributes (419ms)
			ProcessInitializeOnLoadMethodAttributes (124ms)
			AfterProcessingInitializeOnLoad (5ms)
			EditorAssembliesLoaded (0ms)
		ExecutionOrderSort2 (0ms)
		AwakeInstancesAfterBackupRestoration (4ms)
Launched and connected shader compiler UnityShaderCompiler.exe after 0.04 seconds
Refreshing native plugins compatible for Editor in 1.71 ms, found 4 plugins.
Preloading 0 native plugins for Editor in 0.00 ms.
Unloading 206 Unused Serialized files (Serialized files now loaded: 0)
Unloading 6581 unused Assets / (7.2 MB). Loaded Objects now: 7227.
Memory consumption went from 176.3 MB to 169.1 MB.
Total: 10.007100 ms (FindLiveObjects: 0.653200 ms CreateObjectMapping: 0.254100 ms MarkObjects: 5.741900 ms  DeleteObjects: 3.357100 ms)

========================================================================
Received Import Request.
  Time since last request: 21792.774726 seconds.
  path: Assets/Asset/Image/FemaleStreetFighter/019.png
  artifactKey: Guid(e181ae0dc67e95844bd62aabc87cd570) Importer(815301076,1909f56bfc062723c751e8b465ee728b)
Start importing Assets/Asset/Image/FemaleStreetFighter/019.png using Guid(e181ae0dc67e95844bd62aabc87cd570) Importer(815301076,1909f56bfc062723c751e8b465ee728b) (PreviewImporter) -> (artifact id: 'b69527dff0bd37276c643ded3dd95d06') in 0.0999973 seconds
Number of updated asset objects reloaded before import = 0Number of asset objects unloaded after import = 3

========================================================================
Received Import Request.
  Time since last request: 7.258473 seconds.
  path: Assets/Asset/Image/FemaleStreetFighter/025.png
  artifactKey: Guid(7c56d2ad71dc95e4fb34ba53bd6a3a8c) Importer(815301076,1909f56bfc062723c751e8b465ee728b)
Start importing Assets/Asset/Image/FemaleStreetFighter/025.png using Guid(7c56d2ad71dc95e4fb34ba53bd6a3a8c) Importer(815301076,1909f56bfc062723c751e8b465ee728b) (PreviewImporter) -> (artifact id: '295ddf448b9c38a47dc03f47ae500059') in 0.0164871 seconds
Number of updated asset objects reloaded before import = 0Number of asset objects unloaded after import = 3

========================================================================
Received Import Request.
  Time since last request: 2.419417 seconds.
  path: Assets/Asset/Image/FemaleStreetFighter/028.png
  artifactKey: Guid(65cc4ee13809480488e715a8d5805588) Importer(815301076,1909f56bfc062723c751e8b465ee728b)
Start importing Assets/Asset/Image/FemaleStreetFighter/028.png using Guid(65cc4ee13809480488e715a8d5805588) Importer(815301076,1909f56bfc062723c751e8b465ee728b) (PreviewImporter) -> (artifact id: '00aee55767bcc94f130d50b9ea2819da') in 0.0309769 seconds
Number of updated asset objects reloaded before import = 0Number of asset objects unloaded after import = 3

========================================================================
Received Import Request.
  Time since last request: 2.929808 seconds.
  path: Assets/Asset/Image/FemaleStreetFighter/031.png
  artifactKey: Guid(e7129aedb38a1ff4cbc71ae792de0d25) Importer(815301076,1909f56bfc062723c751e8b465ee728b)
Start importing Assets/Asset/Image/FemaleStreetFighter/031.png using Guid(e7129aedb38a1ff4cbc71ae792de0d25) Importer(815301076,1909f56bfc062723c751e8b465ee728b) (PreviewImporter) -> (artifact id: '6cd732131309b40fc330e3b05f2b33fd') in 0.0208854 seconds
Number of updated asset objects reloaded before import = 0Number of asset objects unloaded after import = 3

========================================================================
Received Import Request.
  Time since last request: 1.937823 seconds.
  path: Assets/Asset/Image/FemaleStreetFighter/034.png
  artifactKey: Guid(c39cd60e431e1b9408b682b30265bcb1) Importer(815301076,1909f56bfc062723c751e8b465ee728b)
Start importing Assets/Asset/Image/FemaleStreetFighter/034.png using Guid(c39cd60e431e1b9408b682b30265bcb1) Importer(815301076,1909f56bfc062723c751e8b465ee728b) (PreviewImporter) -> (artifact id: '9a8e80ca3bc78020377439cbf1790d46') in 0.0215155 seconds
Number of updated asset objects reloaded before import = 0Number of asset objects unloaded after import = 3

========================================================================
Received Import Request.
  Time since last request: 0.004646 seconds.
  path: Assets/Asset/Image/FemaleStreetFighter/037.png
  artifactKey: Guid(5858913c421618640843ed1352f02255) Importer(815301076,1909f56bfc062723c751e8b465ee728b)
Start importing Assets/Asset/Image/FemaleStreetFighter/037.png using Guid(5858913c421618640843ed1352f02255) Importer(815301076,1909f56bfc062723c751e8b465ee728b) (PreviewImporter) -> (artifact id: 'ec28ca53a2c6bc60145b0e5062650b27') in 0.0169047 seconds
Number of updated asset objects reloaded before import = 0Number of asset objects unloaded after import = 3

========================================================================
Received Import Request.
  Time since last request: 4.231069 seconds.
  path: Assets/Asset/Image/FemaleStreetFighter/040.png
  artifactKey: Guid(57d1891bb57094b4dacfb9f9123a17cb) Importer(815301076,1909f56bfc062723c751e8b465ee728b)
Start importing Assets/Asset/Image/FemaleStreetFighter/040.png using Guid(57d1891bb57094b4dacfb9f9123a17cb) Importer(815301076,1909f56bfc062723c751e8b465ee728b) (PreviewImporter) -> (artifact id: 'c50eb5bdf18d133d6b55adea3b162b22') in 0.0182801 seconds
Number of updated asset objects reloaded before import = 0Number of asset objects unloaded after import = 3

========================================================================
Received Import Request.
  Time since last request: 9.610113 seconds.
  path: Assets/Asset/Image/FemaleStreetFighter/043.png
  artifactKey: Guid(ad7fb9a0b19e29d41ac35ed99dc63569) Importer(815301076,1909f56bfc062723c751e8b465ee728b)
Start importing Assets/Asset/Image/FemaleStreetFighter/043.png using Guid(ad7fb9a0b19e29d41ac35ed99dc63569) Importer(815301076,1909f56bfc062723c751e8b465ee728b) (PreviewImporter) -> (artifact id: '8e5b5a6934cf1441764598f738860042') in 0.0186789 seconds
Number of updated asset objects reloaded before import = 0Number of asset objects unloaded after import = 3

========================================================================
Received Import Request.
  Time since last request: 14.705137 seconds.
  path: Assets/Asset/Image/FemaleStreetFighter/Animation
  artifactKey: Guid(ee85c0b3c251ddd408e7a5286cbda9a4) Importer(815301076,1909f56bfc062723c751e8b465ee728b)
Start importing Assets/Asset/Image/FemaleStreetFighter/Animation using Guid(ee85c0b3c251ddd408e7a5286cbda9a4) Importer(815301076,1909f56bfc062723c751e8b465ee728b) (PreviewImporter) -> (artifact id: '9eb918e74da5fb22b8110ed39a0a675b') in 0.0005712 seconds
Number of updated asset objects reloaded before import = 0Number of asset objects unloaded after import = 0

========================================================================
Received Import Request.
  Time since last request: 13.735511 seconds.
  path: Assets/Asset/Image/FemaleStreetFighter/046.png
  artifactKey: Guid(a9acd69fe87cfb841b8a69216ebee600) Importer(815301076,1909f56bfc062723c751e8b465ee728b)
Start importing Assets/Asset/Image/FemaleStreetFighter/046.png using Guid(a9acd69fe87cfb841b8a69216ebee600) Importer(815301076,1909f56bfc062723c751e8b465ee728b) (PreviewImporter) -> (artifact id: '4fcffd2b9a808d81deb4933a5353e919') in 0.0193389 seconds
Number of updated asset objects reloaded before import = 0Number of asset objects unloaded after import = 3

========================================================================
Received Import Request.
  Time since last request: 0.334814 seconds.
  path: Assets/Asset/Image/FemaleStreetFighter/048.png
  artifactKey: Guid(73da8ca3dfc41c34b9d832c9697a9e9d) Importer(815301076,1909f56bfc062723c751e8b465ee728b)
Start importing Assets/Asset/Image/FemaleStreetFighter/048.png using Guid(73da8ca3dfc41c34b9d832c9697a9e9d) Importer(815301076,1909f56bfc062723c751e8b465ee728b) (PreviewImporter) -> (artifact id: 'f4dd5261ebd92148c75b666c9b739dc8') in 0.0242905 seconds
Number of updated asset objects reloaded before import = 0Number of asset objects unloaded after import = 3

========================================================================
Received Import Request.
  Time since last request: 0.355236 seconds.
  path: Assets/Asset/Image/FemaleStreetFighter/051.png
  artifactKey: Guid(6fb7f6d9c06d1ad4ea327031e0f1c0c6) Importer(815301076,1909f56bfc062723c751e8b465ee728b)
Start importing Assets/Asset/Image/FemaleStreetFighter/051.png using Guid(6fb7f6d9c06d1ad4ea327031e0f1c0c6) Importer(815301076,1909f56bfc062723c751e8b465ee728b) (PreviewImporter) -> (artifact id: '41bd79688cf552da875e7bcbfb46dac1') in 0.0222955 seconds
Number of updated asset objects reloaded before import = 0Number of asset objects unloaded after import = 3

========================================================================
Received Import Request.
  Time since last request: 0.670232 seconds.
  path: Assets/Asset/Image/FemaleStreetFighter/054.png
  artifactKey: Guid(6a1bfb8b115a1be4f862dd6750e25e81) Importer(815301076,1909f56bfc062723c751e8b465ee728b)
Start importing Assets/Asset/Image/FemaleStreetFighter/054.png using Guid(6a1bfb8b115a1be4f862dd6750e25e81) Importer(815301076,1909f56bfc062723c751e8b465ee728b) (PreviewImporter) -> (artifact id: 'aada9685ffcc6cbccd85d3bcd3ca038b') in 0.0177956 seconds
Number of updated asset objects reloaded before import = 0Number of asset objects unloaded after import = 3

========================================================================
Received Import Request.
  Time since last request: 0.804166 seconds.
  path: Assets/Asset/Image/FemaleStreetFighter/057.png
  artifactKey: Guid(df8e27502075fa64e9deba9450981f86) Importer(815301076,1909f56bfc062723c751e8b465ee728b)
Start importing Assets/Asset/Image/FemaleStreetFighter/057.png using Guid(df8e27502075fa64e9deba9450981f86) Importer(815301076,1909f56bfc062723c751e8b465ee728b) (PreviewImporter) -> (artifact id: '5c1cf9e87b511d4d2fc252333b32c668') in 0.0226312 seconds
Number of updated asset objects reloaded before import = 0Number of asset objects unloaded after import = 3

========================================================================
Received Import Request.
  Time since last request: 2.191815 seconds.
  path: Assets/Asset/Image/FemaleStreetFighter/060.png
  artifactKey: Guid(ce2710b2c33a48544b2c5a700342a897) Importer(815301076,1909f56bfc062723c751e8b465ee728b)
Start importing Assets/Asset/Image/FemaleStreetFighter/060.png using Guid(ce2710b2c33a48544b2c5a700342a897) Importer(815301076,1909f56bfc062723c751e8b465ee728b) (PreviewImporter) -> (artifact id: 'e70ddf1e4f0effa0309cc1d7715d57c7') in 0.0175085 seconds
Number of updated asset objects reloaded before import = 0Number of asset objects unloaded after import = 3

========================================================================
Received Import Request.
  Time since last request: 0.752641 seconds.
  path: Assets/Asset/Image/FemaleStreetFighter/063.png
  artifactKey: Guid(a9b133a260a38724a840eee8d603cd24) Importer(815301076,1909f56bfc062723c751e8b465ee728b)
Start importing Assets/Asset/Image/FemaleStreetFighter/063.png using Guid(a9b133a260a38724a840eee8d603cd24) Importer(815301076,1909f56bfc062723c751e8b465ee728b) (PreviewImporter) -> (artifact id: '97050b6423d83d684f80f393eb649967') in 0.0199962 seconds
Number of updated asset objects reloaded before import = 0Number of asset objects unloaded after import = 3

========================================================================
Received Import Request.
  Time since last request: 0.578748 seconds.
  path: Assets/Asset/Image/FemaleStreetFighter/066.png
  artifactKey: Guid(1a1e72001c37a0e499f4dd4b7b52c062) Importer(815301076,1909f56bfc062723c751e8b465ee728b)
Start importing Assets/Asset/Image/FemaleStreetFighter/066.png using Guid(1a1e72001c37a0e499f4dd4b7b52c062) Importer(815301076,1909f56bfc062723c751e8b465ee728b) (PreviewImporter) -> (artifact id: '76353166244a44415a24dede43fe94b2') in 0.018367 seconds
Number of updated asset objects reloaded before import = 0Number of asset objects unloaded after import = 3

========================================================================
Received Import Request.
  Time since last request: 10.138915 seconds.
  path: Assets/Asset/Image/FemaleStreetFighter/069.png
  artifactKey: Guid(1585d9cc44eb6e34dbc7969dd8f0f47e) Importer(815301076,1909f56bfc062723c751e8b465ee728b)
Start importing Assets/Asset/Image/FemaleStreetFighter/069.png using Guid(1585d9cc44eb6e34dbc7969dd8f0f47e) Importer(815301076,1909f56bfc062723c751e8b465ee728b) (PreviewImporter) -> (artifact id: '77b9bc85d44dadb1c1516a01504176da') in 0.0244127 seconds
Number of updated asset objects reloaded before import = 0Number of asset objects unloaded after import = 3

========================================================================
Received Import Request.
  Time since last request: 2.154919 seconds.
  path: Assets/Asset/Image/FemaleStreetFighter/072.png
  artifactKey: Guid(8dcda208e4cd5674c9e863f41bb90050) Importer(815301076,1909f56bfc062723c751e8b465ee728b)
Start importing Assets/Asset/Image/FemaleStreetFighter/072.png using Guid(8dcda208e4cd5674c9e863f41bb90050) Importer(815301076,1909f56bfc062723c751e8b465ee728b) (PreviewImporter) -> (artifact id: 'd62513988351772cb70af3cc64a65dd1') in 0.0198301 seconds
Number of updated asset objects reloaded before import = 0Number of asset objects unloaded after import = 3

========================================================================
Received Import Request.
  Time since last request: 2.163253 seconds.
  path: Assets/Asset/Image/FemaleStreetFighter/075.png
  artifactKey: Guid(8b4924ddd7e8b544ab3b1637f7360844) Importer(815301076,1909f56bfc062723c751e8b465ee728b)
Start importing Assets/Asset/Image/FemaleStreetFighter/075.png using Guid(8b4924ddd7e8b544ab3b1637f7360844) Importer(815301076,1909f56bfc062723c751e8b465ee728b) (PreviewImporter) -> (artifact id: 'f0e0bba708593ba7c8de6d1c4e3cea1e') in 0.0232083 seconds
Number of updated asset objects reloaded before import = 0Number of asset objects unloaded after import = 3

========================================================================
Received Import Request.
  Time since last request: 0.229978 seconds.
  path: Assets/Asset/Image/FemaleStreetFighter/078.png
  artifactKey: Guid(c6a8d81766d0f7047b6380e9c381b03c) Importer(815301076,1909f56bfc062723c751e8b465ee728b)
Start importing Assets/Asset/Image/FemaleStreetFighter/078.png using Guid(c6a8d81766d0f7047b6380e9c381b03c) Importer(815301076,1909f56bfc062723c751e8b465ee728b) (PreviewImporter) -> (artifact id: '945689714fa71a9e952758fa2ced588b') in 0.016783 seconds
Number of updated asset objects reloaded before import = 0Number of asset objects unloaded after import = 3

========================================================================
Received Import Request.
  Time since last request: 1.779242 seconds.
  path: Assets/Asset/Image/FemaleStreetFighter/081.png
  artifactKey: Guid(470a4b707a409ea429dad213ebb72f4e) Importer(815301076,1909f56bfc062723c751e8b465ee728b)
Start importing Assets/Asset/Image/FemaleStreetFighter/081.png using Guid(470a4b707a409ea429dad213ebb72f4e) Importer(815301076,1909f56bfc062723c751e8b465ee728b) (PreviewImporter) -> (artifact id: 'b800e019273f05f6b9dcf6059da65a49') in 0.0182722 seconds
Number of updated asset objects reloaded before import = 0Number of asset objects unloaded after import = 3

========================================================================
Received Import Request.
  Time since last request: 2.361109 seconds.
  path: Assets/Asset/Image/FemaleStreetFighter/084.png
  artifactKey: Guid(cf957dd5afa990246a589ee57053b0c8) Importer(815301076,1909f56bfc062723c751e8b465ee728b)
Start importing Assets/Asset/Image/FemaleStreetFighter/084.png using Guid(cf957dd5afa990246a589ee57053b0c8) Importer(815301076,1909f56bfc062723c751e8b465ee728b) (PreviewImporter) -> (artifact id: '98a1560c085f81fe58378a48ef6afa22') in 0.0192149 seconds
Number of updated asset objects reloaded before import = 0Number of asset objects unloaded after import = 3

========================================================================
Received Import Request.
  Time since last request: 0.000354 seconds.
  path: Assets/Asset/Image/FemaleStreetFighter/087.png
  artifactKey: Guid(cbc9de3d1c21238498fa7751834fd223) Importer(815301076,1909f56bfc062723c751e8b465ee728b)
Start importing Assets/Asset/Image/FemaleStreetFighter/087.png using Guid(cbc9de3d1c21238498fa7751834fd223) Importer(815301076,1909f56bfc062723c751e8b465ee728b) (PreviewImporter) -> (artifact id: '02e1c6a8416a2a962c1453beb47f04ed') in 0.0210198 seconds
Number of updated asset objects reloaded before import = 0Number of asset objects unloaded after import = 3

========================================================================
Received Import Request.
  Time since last request: 0.590550 seconds.
  path: Assets/Asset/Image/FemaleStreetFighter/090.png
  artifactKey: Guid(8161e416b20387740b4e6d28b1a37adb) Importer(815301076,1909f56bfc062723c751e8b465ee728b)
Start importing Assets/Asset/Image/FemaleStreetFighter/090.png using Guid(8161e416b20387740b4e6d28b1a37adb) Importer(815301076,1909f56bfc062723c751e8b465ee728b) (PreviewImporter) -> (artifact id: 'fc3078e4327729b7dec5d7127afa3f9d') in 0.017389 seconds
Number of updated asset objects reloaded before import = 0Number of asset objects unloaded after import = 3

========================================================================
Received Import Request.
  Time since last request: 0.000013 seconds.
  path: Assets/Asset/Image/FemaleStreetFighter/093.png
  artifactKey: Guid(43bebb28dfc00134da5abc64f8089ab2) Importer(815301076,1909f56bfc062723c751e8b465ee728b)
Start importing Assets/Asset/Image/FemaleStreetFighter/093.png using Guid(43bebb28dfc00134da5abc64f8089ab2) Importer(815301076,1909f56bfc062723c751e8b465ee728b) (PreviewImporter) -> (artifact id: '9ff126c99faf4f567b13c8eb8f361516') in 0.0198595 seconds
Number of updated asset objects reloaded before import = 0Number of asset objects unloaded after import = 3

========================================================================
Received Import Request.
  Time since last request: 3.418280 seconds.
  path: Assets/Asset/Image/FemaleStreetFighter/096.png
  artifactKey: Guid(2be32eddd498ad4488ac6a8d3ea41d72) Importer(815301076,1909f56bfc062723c751e8b465ee728b)
Start importing Assets/Asset/Image/FemaleStreetFighter/096.png using Guid(2be32eddd498ad4488ac6a8d3ea41d72) Importer(815301076,1909f56bfc062723c751e8b465ee728b) (PreviewImporter) -> (artifact id: 'bfd5ccaceb0c19e9f958f5bcd3b353da') in 0.0158979 seconds
Number of updated asset objects reloaded before import = 0Number of asset objects unloaded after import = 3

========================================================================
Received Import Request.
  Time since last request: 1.704738 seconds.
  path: Assets/Asset/Image/FemaleStreetFighter/099.png
  artifactKey: Guid(6b67f88feb457ad4e981db3f3dc97b79) Importer(815301076,1909f56bfc062723c751e8b465ee728b)
Start importing Assets/Asset/Image/FemaleStreetFighter/099.png using Guid(6b67f88feb457ad4e981db3f3dc97b79) Importer(815301076,1909f56bfc062723c751e8b465ee728b) (PreviewImporter) -> (artifact id: '1a867d5f73e8806dc63a914e32a429b9') in 0.0207348 seconds
Number of updated asset objects reloaded before import = 0Number of asset objects unloaded after import = 3

========================================================================
Received Import Request.
  Time since last request: 3.182139 seconds.
  path: Assets/Asset/Image/FemaleStreetFighter/102.png
  artifactKey: Guid(1c8ab52fde3b3144eb59135697180a78) Importer(815301076,1909f56bfc062723c751e8b465ee728b)
Start importing Assets/Asset/Image/FemaleStreetFighter/102.png using Guid(1c8ab52fde3b3144eb59135697180a78) Importer(815301076,1909f56bfc062723c751e8b465ee728b) (PreviewImporter) -> (artifact id: 'bebc67108b950394d0c9f32f0c3c791f') in 0.0180794 seconds
Number of updated asset objects reloaded before import = 0Number of asset objects unloaded after import = 3

========================================================================
Received Import Request.
  Time since last request: 0.025347 seconds.
  path: Assets/Asset/Image/FemaleStreetFighter/105.png
  artifactKey: Guid(2e4b7d09c6f8bde4c8ab9238557a2196) Importer(815301076,1909f56bfc062723c751e8b465ee728b)
Start importing Assets/Asset/Image/FemaleStreetFighter/105.png using Guid(2e4b7d09c6f8bde4c8ab9238557a2196) Importer(815301076,1909f56bfc062723c751e8b465ee728b) (PreviewImporter) -> (artifact id: 'bcf667f73094c6286cebadb31aed359d') in 0.0151818 seconds
Number of updated asset objects reloaded before import = 0Number of asset objects unloaded after import = 3

========================================================================
Received Import Request.
  Time since last request: 0.010173 seconds.
  path: Assets/Asset/Image/FemaleStreetFighter/108.png
  artifactKey: Guid(6746f0b7b450c8d42aa05fbe606e4011) Importer(815301076,1909f56bfc062723c751e8b465ee728b)
Start importing Assets/Asset/Image/FemaleStreetFighter/108.png using Guid(6746f0b7b450c8d42aa05fbe606e4011) Importer(815301076,1909f56bfc062723c751e8b465ee728b) (PreviewImporter) -> (artifact id: '9cc12458a0a57a69292adc704981603b') in 0.0204702 seconds
Number of updated asset objects reloaded before import = 0Number of asset objects unloaded after import = 3

========================================================================
Received Import Request.
  Time since last request: 0.234934 seconds.
  path: Assets/Asset/Image/FemaleStreetFighter/111.png
  artifactKey: Guid(0f88410a224dfba4ebb1992d3cf85edd) Importer(815301076,1909f56bfc062723c751e8b465ee728b)
Start importing Assets/Asset/Image/FemaleStreetFighter/111.png using Guid(0f88410a224dfba4ebb1992d3cf85edd) Importer(815301076,1909f56bfc062723c751e8b465ee728b) (PreviewImporter) -> (artifact id: '3389ba8034ddfbe804fbfc9eabeada2b') in 0.018175 seconds
Number of updated asset objects reloaded before import = 0Number of asset objects unloaded after import = 3

========================================================================
Received Import Request.
  Time since last request: 0.000015 seconds.
  path: Assets/Asset/Image/FemaleStreetFighter/115.png
  artifactKey: Guid(771b21aa33d52ff46b0af62adb520237) Importer(815301076,1909f56bfc062723c751e8b465ee728b)
Start importing Assets/Asset/Image/FemaleStreetFighter/115.png using Guid(771b21aa33d52ff46b0af62adb520237) Importer(815301076,1909f56bfc062723c751e8b465ee728b) (PreviewImporter) -> (artifact id: '58604193bc676d15bbce46803e6467da') in 0.0193413 seconds
Number of updated asset objects reloaded before import = 0Number of asset objects unloaded after import = 3

========================================================================
Received Import Request.
  Time since last request: 0.380773 seconds.
  path: Assets/Asset/Image/FemaleStreetFighter/117.png
  artifactKey: Guid(1a0744466abf9304d9912e1d6dfd5e3f) Importer(815301076,1909f56bfc062723c751e8b465ee728b)
Start importing Assets/Asset/Image/FemaleStreetFighter/117.png using Guid(1a0744466abf9304d9912e1d6dfd5e3f) Importer(815301076,1909f56bfc062723c751e8b465ee728b) (PreviewImporter) -> (artifact id: '7e8286c1dcc63adef7b418dac1e8877d') in 0.0167434 seconds
Number of updated asset objects reloaded before import = 0Number of asset objects unloaded after import = 3

========================================================================
Received Import Request.
  Time since last request: 0.000015 seconds.
  path: Assets/Asset/Image/FemaleStreetFighter/120.png
  artifactKey: Guid(c3f00b7285d7ede4a8988ec88ca2e213) Importer(815301076,1909f56bfc062723c751e8b465ee728b)
Start importing Assets/Asset/Image/FemaleStreetFighter/120.png using Guid(c3f00b7285d7ede4a8988ec88ca2e213) Importer(815301076,1909f56bfc062723c751e8b465ee728b) (PreviewImporter) -> (artifact id: 'b21c01a41200fc15aef8674ece080f89') in 0.0188006 seconds
Number of updated asset objects reloaded before import = 0Number of asset objects unloaded after import = 3

========================================================================
Received Import Request.
  Time since last request: 0.000013 seconds.
  path: Assets/Asset/Image/FemaleStreetFighter/125.png
  artifactKey: Guid(365f1f7dccb52a845abf83955c5137d4) Importer(815301076,1909f56bfc062723c751e8b465ee728b)
Start importing Assets/Asset/Image/FemaleStreetFighter/125.png using Guid(365f1f7dccb52a845abf83955c5137d4) Importer(815301076,1909f56bfc062723c751e8b465ee728b) (PreviewImporter) -> (artifact id: 'e9249b228a2234aa0e91a310852c5c14') in 0.0198386 seconds
Number of updated asset objects reloaded before import = 0Number of asset objects unloaded after import = 3

========================================================================
Received Import Request.
  Time since last request: 0.305938 seconds.
  path: Assets/Asset/Image/FemaleStreetFighter/126.png
  artifactKey: Guid(9be69024fb4e0c24c97a849e68f82718) Importer(815301076,1909f56bfc062723c751e8b465ee728b)
Start importing Assets/Asset/Image/FemaleStreetFighter/126.png using Guid(9be69024fb4e0c24c97a849e68f82718) Importer(815301076,1909f56bfc062723c751e8b465ee728b) (PreviewImporter) -> (artifact id: 'd91c91f6d5a14a049f2c48fca15c56e8') in 0.016471 seconds
Number of updated asset objects reloaded before import = 0Number of asset objects unloaded after import = 3

========================================================================
Received Import Request.
  Time since last request: 0.302287 seconds.
  path: Assets/Asset/Image/FemaleStreetFighter/129.png
  artifactKey: Guid(703c8aa1c926b9646839253495544c72) Importer(815301076,1909f56bfc062723c751e8b465ee728b)
Start importing Assets/Asset/Image/FemaleStreetFighter/129.png using Guid(703c8aa1c926b9646839253495544c72) Importer(815301076,1909f56bfc062723c751e8b465ee728b) (PreviewImporter) -> (artifact id: 'dae0df5c9a2f1f179d7c0b9f0b08b3a3') in 0.0186132 seconds
Number of updated asset objects reloaded before import = 0Number of asset objects unloaded after import = 3

========================================================================
Received Import Request.
  Time since last request: 0.400713 seconds.
  path: Assets/Asset/Image/FemaleStreetFighter/132.png
  artifactKey: Guid(0bba94be51328f74888ff4b9cbde221f) Importer(815301076,1909f56bfc062723c751e8b465ee728b)
Start importing Assets/Asset/Image/FemaleStreetFighter/132.png using Guid(0bba94be51328f74888ff4b9cbde221f) Importer(815301076,1909f56bfc062723c751e8b465ee728b) (PreviewImporter) -> (artifact id: '04e4407daaae88d956c4f39ff4012b9b') in 0.0174129 seconds
Number of updated asset objects reloaded before import = 0Number of asset objects unloaded after import = 3

========================================================================
Received Import Request.
  Time since last request: 2.685000 seconds.
  path: Assets/Asset/Image/FemaleStreetFighter/135.png
  artifactKey: Guid(b8cb27d5ba143c143b0216def4c92e63) Importer(815301076,1909f56bfc062723c751e8b465ee728b)
Start importing Assets/Asset/Image/FemaleStreetFighter/135.png using Guid(b8cb27d5ba143c143b0216def4c92e63) Importer(815301076,1909f56bfc062723c751e8b465ee728b) (PreviewImporter) -> (artifact id: '1c90c53b3af8b5fb8d08dddf87f2930f') in 0.0209665 seconds
Number of updated asset objects reloaded before import = 0Number of asset objects unloaded after import = 3

========================================================================
Received Import Request.
  Time since last request: 14.728478 seconds.
  path: Assets/Asset/Image/FemaleStreetFighter/138.png
  artifactKey: Guid(d09d3ddd55c0e2346b02d58f6b99b959) Importer(815301076,1909f56bfc062723c751e8b465ee728b)
Start importing Assets/Asset/Image/FemaleStreetFighter/138.png using Guid(d09d3ddd55c0e2346b02d58f6b99b959) Importer(815301076,1909f56bfc062723c751e8b465ee728b) (PreviewImporter) -> (artifact id: '5bfa50f789fa5afb115533f99669394a') in 0.0205237 seconds
Number of updated asset objects reloaded before import = 0Number of asset objects unloaded after import = 3

========================================================================
Received Import Request.
  Time since last request: 0.552727 seconds.
  path: Assets/Asset/Image/FemaleStreetFighter/141.png
  artifactKey: Guid(b0500cd5774121d4ea5b4541e947f661) Importer(815301076,1909f56bfc062723c751e8b465ee728b)
Start importing Assets/Asset/Image/FemaleStreetFighter/141.png using Guid(b0500cd5774121d4ea5b4541e947f661) Importer(815301076,1909f56bfc062723c751e8b465ee728b) (PreviewImporter) -> (artifact id: 'b5a9cfb5a98e030dee6581771f0485f1') in 0.0196221 seconds
Number of updated asset objects reloaded before import = 0Number of asset objects unloaded after import = 3

========================================================================
Received Import Request.
  Time since last request: 0.397607 seconds.
  path: Assets/Asset/Image/FemaleStreetFighter/144.png
  artifactKey: Guid(8c866c213e2056948a8dec1ead9fc20e) Importer(815301076,1909f56bfc062723c751e8b465ee728b)
Start importing Assets/Asset/Image/FemaleStreetFighter/144.png using Guid(8c866c213e2056948a8dec1ead9fc20e) Importer(815301076,1909f56bfc062723c751e8b465ee728b) (PreviewImporter) -> (artifact id: '0f7bd36c092191f69c6798631a8642b7') in 0.0179055 seconds
Number of updated asset objects reloaded before import = 0Number of asset objects unloaded after import = 3

========================================================================
Received Import Request.
  Time since last request: 0.348547 seconds.
  path: Assets/Asset/Image/FemaleStreetFighter/147.png
  artifactKey: Guid(2215c21fcd460554e8f9a6143514a105) Importer(815301076,1909f56bfc062723c751e8b465ee728b)
Start importing Assets/Asset/Image/FemaleStreetFighter/147.png using Guid(2215c21fcd460554e8f9a6143514a105) Importer(815301076,1909f56bfc062723c751e8b465ee728b) (PreviewImporter) -> (artifact id: '0e5e1ce0d2bdd2106e779c4643f43a9b') in 0.0198258 seconds
Number of updated asset objects reloaded before import = 0Number of asset objects unloaded after import = 3

========================================================================
Received Import Request.
  Time since last request: 0.001053 seconds.
  path: Assets/Asset/Image/FemaleStreetFighter/150.png
  artifactKey: Guid(7d185a28d63ae524ca2f6c0bf02d9fe8) Importer(815301076,1909f56bfc062723c751e8b465ee728b)
Start importing Assets/Asset/Image/FemaleStreetFighter/150.png using Guid(7d185a28d63ae524ca2f6c0bf02d9fe8) Importer(815301076,1909f56bfc062723c751e8b465ee728b) (PreviewImporter) -> (artifact id: 'beebf2205ff599539d856a86afa61bfa') in 0.0172965 seconds
Number of updated asset objects reloaded before import = 0Number of asset objects unloaded after import = 3

========================================================================
Received Import Request.
  Time since last request: 66.969985 seconds.
  path: Assets/Asset/Image/FemaleStreetFighter/083.png
  artifactKey: Guid(a64ce891a76b85248a7057882d9c06af) Importer(815301076,1909f56bfc062723c751e8b465ee728b)
Start importing Assets/Asset/Image/FemaleStreetFighter/083.png using Guid(a64ce891a76b85248a7057882d9c06af) Importer(815301076,1909f56bfc062723c751e8b465ee728b) (PreviewImporter) -> (artifact id: 'a55f82608f4f1030c395e660b9782769') in 0.018398 seconds
Number of updated asset objects reloaded before import = 0Number of asset objects unloaded after import = 3

========================================================================
Received Import Request.
  Time since last request: 0.000029 seconds.
  path: Assets/Asset/Image/FemaleStreetFighter/000.png
  artifactKey: Guid(58de5cc13c0a4564cae658ab8ecc39b8) Importer(815301076,1909f56bfc062723c751e8b465ee728b)
Start importing Assets/Asset/Image/FemaleStreetFighter/000.png using Guid(58de5cc13c0a4564cae658ab8ecc39b8) Importer(815301076,1909f56bfc062723c751e8b465ee728b) (PreviewImporter) -> (artifact id: '06ff5d30f9696fbd3a190fe1dc94695d') in 0.0206836 seconds
Number of updated asset objects reloaded before import = 0Number of asset objects unloaded after import = 3

========================================================================
Received Import Request.
  Time since last request: 0.000016 seconds.
  path: Assets/Asset/Image/FemaleStreetFighter/012.png
  artifactKey: Guid(7c70e1e86d015604fa6bedb37c900856) Importer(815301076,1909f56bfc062723c751e8b465ee728b)
Start importing Assets/Asset/Image/FemaleStreetFighter/012.png using Guid(7c70e1e86d015604fa6bedb37c900856) Importer(815301076,1909f56bfc062723c751e8b465ee728b) (PreviewImporter) -> (artifact id: '495c8712229257f54a8dd7dce3257f2e') in 0.017931 seconds
Number of updated asset objects reloaded before import = 0Number of asset objects unloaded after import = 3

========================================================================
Received Import Request.
  Time since last request: 0.000020 seconds.
  path: Assets/Asset/Image/FemaleStreetFighter/017.png
  artifactKey: Guid(9fa78477049e55c4e98fcf62d1204bbb) Importer(815301076,1909f56bfc062723c751e8b465ee728b)
Start importing Assets/Asset/Image/FemaleStreetFighter/017.png using Guid(9fa78477049e55c4e98fcf62d1204bbb) Importer(815301076,1909f56bfc062723c751e8b465ee728b) (PreviewImporter) -> (artifact id: 'a516c61be913b1372cab023d96768aca') in 0.0178976 seconds
Number of updated asset objects reloaded before import = 0Number of asset objects unloaded after import = 3

========================================================================
Received Import Request.
  Time since last request: 0.000030 seconds.
  path: Assets/Asset/Image/FemaleStreetFighter/126.png
  artifactKey: Guid(9be69024fb4e0c24c97a849e68f82718) Importer(815301076,1909f56bfc062723c751e8b465ee728b)
Start importing Assets/Asset/Image/FemaleStreetFighter/126.png using Guid(9be69024fb4e0c24c97a849e68f82718) Importer(815301076,1909f56bfc062723c751e8b465ee728b) (PreviewImporter) -> (artifact id: '879b111c3bad211ec1feadd9511b7703') in 0.0187598 seconds
Number of updated asset objects reloaded before import = 0Number of asset objects unloaded after import = 3

========================================================================
Received Import Request.
  Time since last request: 0.000019 seconds.
  path: Assets/Asset/Image/FemaleStreetFighter/003.png
  artifactKey: Guid(3a1a1587a532c1a4b8878dabee65192b) Importer(815301076,1909f56bfc062723c751e8b465ee728b)
Start importing Assets/Asset/Image/FemaleStreetFighter/003.png using Guid(3a1a1587a532c1a4b8878dabee65192b) Importer(815301076,1909f56bfc062723c751e8b465ee728b) (PreviewImporter) -> (artifact id: 'bb3bdf005e701adeef43f2fe68e2cdd3') in 0.0152553 seconds
Number of updated asset objects reloaded before import = 0Number of asset objects unloaded after import = 3

========================================================================
Received Import Request.
  Time since last request: 0.000019 seconds.
  path: Assets/Asset/Image/FemaleStreetFighter/127.png
  artifactKey: Guid(be23bbd5e0de32149a32dd0bdaa1d106) Importer(815301076,1909f56bfc062723c751e8b465ee728b)
Start importing Assets/Asset/Image/FemaleStreetFighter/127.png using Guid(be23bbd5e0de32149a32dd0bdaa1d106) Importer(815301076,1909f56bfc062723c751e8b465ee728b) (PreviewImporter) -> (artifact id: 'aead4b2e39ba157d2c8ef57bae9a3cd8') in 0.0191027 seconds
Number of updated asset objects reloaded before import = 0Number of asset objects unloaded after import = 3

========================================================================
Received Import Request.
  Time since last request: 0.000018 seconds.
  path: Assets/Asset/Image/FemaleStreetFighter/011.png
  artifactKey: Guid(ac97ff92248a9a2449a84e570ab8f237) Importer(815301076,1909f56bfc062723c751e8b465ee728b)
Start importing Assets/Asset/Image/FemaleStreetFighter/011.png using Guid(ac97ff92248a9a2449a84e570ab8f237) Importer(815301076,1909f56bfc062723c751e8b465ee728b) (PreviewImporter) -> (artifact id: '0f997061aa3a88f2020c8882689a9635') in 0.0154389 seconds
Number of updated asset objects reloaded before import = 0Number of asset objects unloaded after import = 3

========================================================================
Received Import Request.
  Time since last request: 0.000018 seconds.
  path: Assets/Asset/Image/FemaleStreetFighter/013.png
  artifactKey: Guid(df2e12b5fd85c8e4d99d7d717bff631a) Importer(815301076,1909f56bfc062723c751e8b465ee728b)
Start importing Assets/Asset/Image/FemaleStreetFighter/013.png using Guid(df2e12b5fd85c8e4d99d7d717bff631a) Importer(815301076,1909f56bfc062723c751e8b465ee728b) (PreviewImporter) -> (artifact id: '1698419e6846e4ba3fae3624ec06faee') in 0.0210311 seconds
Number of updated asset objects reloaded before import = 0Number of asset objects unloaded after import = 3

========================================================================
Received Import Request.
  Time since last request: 0.000017 seconds.
  path: Assets/Asset/Image/FemaleStreetFighter/002.png
  artifactKey: Guid(85cee7ae56e41e643be0a121e72d2c91) Importer(815301076,1909f56bfc062723c751e8b465ee728b)
Start importing Assets/Asset/Image/FemaleStreetFighter/002.png using Guid(85cee7ae56e41e643be0a121e72d2c91) Importer(815301076,1909f56bfc062723c751e8b465ee728b) (PreviewImporter) -> (artifact id: 'e39f7c18017560aa0df2823992fa519a') in 0.0172459 seconds
Number of updated asset objects reloaded before import = 0Number of asset objects unloaded after import = 3

========================================================================
Received Import Request.
  Time since last request: 0.000036 seconds.
  path: Assets/Asset/Image/FemaleStreetFighter/010.png
  artifactKey: Guid(86486acb03b3a0946b70d8b46ccc99df) Importer(815301076,1909f56bfc062723c751e8b465ee728b)
Start importing Assets/Asset/Image/FemaleStreetFighter/010.png using Guid(86486acb03b3a0946b70d8b46ccc99df) Importer(815301076,1909f56bfc062723c751e8b465ee728b) (PreviewImporter) -> (artifact id: '0c77b6c6dec9684779463661084e2900') in 0.0193862 seconds
Number of updated asset objects reloaded before import = 0Number of asset objects unloaded after import = 3

========================================================================
Received Import Request.
  Time since last request: 0.000019 seconds.
  path: Assets/Asset/Image/FemaleStreetFighter/016.png
  artifactKey: Guid(eb3c53978da3a1948a7e1326c8d1c00f) Importer(815301076,1909f56bfc062723c751e8b465ee728b)
Start importing Assets/Asset/Image/FemaleStreetFighter/016.png using Guid(eb3c53978da3a1948a7e1326c8d1c00f) Importer(815301076,1909f56bfc062723c751e8b465ee728b) (PreviewImporter) -> (artifact id: 'c0da4e4c952b984a52080128f68afa79') in 0.0177375 seconds
Number of updated asset objects reloaded before import = 0Number of asset objects unloaded after import = 3

========================================================================
Received Import Request.
  Time since last request: 16.060761 seconds.
  path: Assets/Asset/Image/FemaleStreetFighter/083.png
  artifactKey: Guid(a64ce891a76b85248a7057882d9c06af) Importer(815301076,1909f56bfc062723c751e8b465ee728b)
Start importing Assets/Asset/Image/FemaleStreetFighter/083.png using Guid(a64ce891a76b85248a7057882d9c06af) Importer(815301076,1909f56bfc062723c751e8b465ee728b) (PreviewImporter) -> (artifact id: '1b73be43a388a076aba8558176116be9') in 0.0147675 seconds
Number of updated asset objects reloaded before import = 0Number of asset objects unloaded after import = 3

========================================================================
Received Import Request.
  Time since last request: 0.002144 seconds.
  path: Assets/Asset/Image/FemaleStreetFighter/000.png
  artifactKey: Guid(58de5cc13c0a4564cae658ab8ecc39b8) Importer(815301076,1909f56bfc062723c751e8b465ee728b)
Start importing Assets/Asset/Image/FemaleStreetFighter/000.png using Guid(58de5cc13c0a4564cae658ab8ecc39b8) Importer(815301076,1909f56bfc062723c751e8b465ee728b) (PreviewImporter) -> (artifact id: 'b681b984226f0f934c848e29451bf4cd') in 0.0156461 seconds
Number of updated asset objects reloaded before import = 0Number of asset objects unloaded after import = 3

========================================================================
Received Import Request.
  Time since last request: 0.000018 seconds.
  path: Assets/Asset/Image/FemaleStreetFighter/008.png
  artifactKey: Guid(9de437917a8a9d345903fb3391898b66) Importer(815301076,1909f56bfc062723c751e8b465ee728b)
Start importing Assets/Asset/Image/FemaleStreetFighter/008.png using Guid(9de437917a8a9d345903fb3391898b66) Importer(815301076,1909f56bfc062723c751e8b465ee728b) (PreviewImporter) -> (artifact id: 'e10c218fb5e6b49e1350b8d25410099e') in 0.0162577 seconds
Number of updated asset objects reloaded before import = 0Number of asset objects unloaded after import = 3

========================================================================
Received Import Request.
  Time since last request: 0.000023 seconds.
  path: Assets/Asset/Image/FemaleStreetFighter/009.png
  artifactKey: Guid(482c96c554a4f1b47b92e146e36bd519) Importer(815301076,1909f56bfc062723c751e8b465ee728b)
Start importing Assets/Asset/Image/FemaleStreetFighter/009.png using Guid(482c96c554a4f1b47b92e146e36bd519) Importer(815301076,1909f56bfc062723c751e8b465ee728b) (PreviewImporter) -> (artifact id: '2a1accfc8dcf9d2743507cf0ee033a73') in 0.0171066 seconds
Number of updated asset objects reloaded before import = 0Number of asset objects unloaded after import = 3

========================================================================
Received Import Request.
  Time since last request: 0.000030 seconds.
  path: Assets/Asset/Image/FemaleStreetFighter/126.png
  artifactKey: Guid(9be69024fb4e0c24c97a849e68f82718) Importer(815301076,1909f56bfc062723c751e8b465ee728b)
Start importing Assets/Asset/Image/FemaleStreetFighter/126.png using Guid(9be69024fb4e0c24c97a849e68f82718) Importer(815301076,1909f56bfc062723c751e8b465ee728b) (PreviewImporter) -> (artifact id: 'd16267532cafcf4db138f8723f78137e') in 0.0176894 seconds
Number of updated asset objects reloaded before import = 0Number of asset objects unloaded after import = 3

========================================================================
Received Import Request.
  Time since last request: 0.000015 seconds.
  path: Assets/Asset/Image/FemaleStreetFighter/005.png
  artifactKey: Guid(ccd230fe5ec36094984f23fe51a4f523) Importer(815301076,1909f56bfc062723c751e8b465ee728b)
Start importing Assets/Asset/Image/FemaleStreetFighter/005.png using Guid(ccd230fe5ec36094984f23fe51a4f523) Importer(815301076,1909f56bfc062723c751e8b465ee728b) (PreviewImporter) -> (artifact id: 'ed4118ec7a173252856e81c19b3c6bc6') in 0.018196 seconds
Number of updated asset objects reloaded before import = 0Number of asset objects unloaded after import = 3

========================================================================
Received Import Request.
  Time since last request: 0.000018 seconds.
  path: Assets/Asset/Image/FemaleStreetFighter/011.png
  artifactKey: Guid(ac97ff92248a9a2449a84e570ab8f237) Importer(815301076,1909f56bfc062723c751e8b465ee728b)
Start importing Assets/Asset/Image/FemaleStreetFighter/011.png using Guid(ac97ff92248a9a2449a84e570ab8f237) Importer(815301076,1909f56bfc062723c751e8b465ee728b) (PreviewImporter) -> (artifact id: '82eae81a3ca5056d0c6aeba7cc001d82') in 0.0167767 seconds
Number of updated asset objects reloaded before import = 0Number of asset objects unloaded after import = 3

========================================================================
Received Import Request.
  Time since last request: 0.000016 seconds.
  path: Assets/Asset/Image/FemaleStreetFighter/128.png
  artifactKey: Guid(5e1ef36dd255899489b46e2a0cc4f3c1) Importer(815301076,1909f56bfc062723c751e8b465ee728b)
Start importing Assets/Asset/Image/FemaleStreetFighter/128.png using Guid(5e1ef36dd255899489b46e2a0cc4f3c1) Importer(815301076,1909f56bfc062723c751e8b465ee728b) (PreviewImporter) -> (artifact id: '2fd9e59345822d6de09b8a455946a30d') in 0.0164592 seconds
Number of updated asset objects reloaded before import = 0Number of asset objects unloaded after import = 3

========================================================================
Received Import Request.
  Time since last request: 0.000011 seconds.
  path: Assets/Asset/Image/FemaleStreetFighter/014.png
  artifactKey: Guid(794d70eafbcb6aa49832d74cf2f649b4) Importer(815301076,1909f56bfc062723c751e8b465ee728b)
Start importing Assets/Asset/Image/FemaleStreetFighter/014.png using Guid(794d70eafbcb6aa49832d74cf2f649b4) Importer(815301076,1909f56bfc062723c751e8b465ee728b) (PreviewImporter) -> (artifact id: '433bd9582bb9ce39f9fc1dabd4e0e04a') in 0.0169415 seconds
Number of updated asset objects reloaded before import = 0Number of asset objects unloaded after import = 3

========================================================================
Received Import Request.
  Time since last request: 59.566922 seconds.
  path: Assets/Asset/Image/FemaleStreetFighter/018.png
  artifactKey: Guid(6b99c5a021938e747873f22f4e2b5677) Importer(815301076,1909f56bfc062723c751e8b465ee728b)
Start importing Assets/Asset/Image/FemaleStreetFighter/018.png using Guid(6b99c5a021938e747873f22f4e2b5677) Importer(815301076,1909f56bfc062723c751e8b465ee728b) (PreviewImporter) -> (artifact id: 'ba51fd4499f07553961c30deb1d5922a') in 0.0182363 seconds
Number of updated asset objects reloaded before import = 0Number of asset objects unloaded after import = 3

========================================================================
Received Import Request.
  Time since last request: 12.712187 seconds.
  path: Assets/Asset/Image/FemaleStreetFighter/021.png
  artifactKey: Guid(337a237d74b87004ba0f2fa321aafa4b) Importer(815301076,1909f56bfc062723c751e8b465ee728b)
Start importing Assets/Asset/Image/FemaleStreetFighter/021.png using Guid(337a237d74b87004ba0f2fa321aafa4b) Importer(815301076,1909f56bfc062723c751e8b465ee728b) (PreviewImporter) -> (artifact id: '65389628c46d1cc3a30a5246f4290acb') in 0.0157997 seconds
Number of updated asset objects reloaded before import = 0Number of asset objects unloaded after import = 3

========================================================================
Received Import Request.
  Time since last request: 5.313413 seconds.
  path: Assets/Asset/Image/FemaleStreetFighter/024.png
  artifactKey: Guid(93127d379ceaa7c4b937797ba9662d22) Importer(815301076,1909f56bfc062723c751e8b465ee728b)
Start importing Assets/Asset/Image/FemaleStreetFighter/024.png using Guid(93127d379ceaa7c4b937797ba9662d22) Importer(815301076,1909f56bfc062723c751e8b465ee728b) (PreviewImporter) -> (artifact id: 'b65d7f04cde49b0a03a5b80573f67251') in 0.018848 seconds
Number of updated asset objects reloaded before import = 0Number of asset objects unloaded after import = 3

========================================================================
Received Import Request.
  Time since last request: 24.900409 seconds.
  path: Assets/Asset/Image/FemaleStreetFighter/Animation/Idle.anim
  artifactKey: Guid(84e7349d0d7fe9545b2cde42b0984874) Importer(815301076,1909f56bfc062723c751e8b465ee728b)
Start importing Assets/Asset/Image/FemaleStreetFighter/Animation/Idle.anim using Guid(84e7349d0d7fe9545b2cde42b0984874) Importer(815301076,1909f56bfc062723c751e8b465ee728b) (PreviewImporter) -> (artifact id: 'e9f1f5eb39dd35d09b43dfe992e2f354') in 0.0020564 seconds
Number of updated asset objects reloaded before import = 0Number of asset objects unloaded after import = 1

========================================================================
Received Import Request.
  Time since last request: 17.674330 seconds.
  path: Assets/Asset/Image/FemaleStreetFighter/Animation/Move.anim
  artifactKey: Guid(1b79501ee48f5e241b9496e8ea3f91fb) Importer(815301076,1909f56bfc062723c751e8b465ee728b)
Start importing Assets/Asset/Image/FemaleStreetFighter/Animation/Move.anim using Guid(1b79501ee48f5e241b9496e8ea3f91fb) Importer(815301076,1909f56bfc062723c751e8b465ee728b) (PreviewImporter) -> (artifact id: '6cfcceef90832c55c9146104352c3665') in 0.0014685 seconds
Number of updated asset objects reloaded before import = 0Number of asset objects unloaded after import = 1

========================================================================
Received Import Request.
  Time since last request: 84.842114 seconds.
  path: Assets/Asset/Image/FemaleStreetFighter/027.png
  artifactKey: Guid(a5165cbfc29f84c489e238702b5aa623) Importer(815301076,1909f56bfc062723c751e8b465ee728b)
Start importing Assets/Asset/Image/FemaleStreetFighter/027.png using Guid(a5165cbfc29f84c489e238702b5aa623) Importer(815301076,1909f56bfc062723c751e8b465ee728b) (PreviewImporter) -> (artifact id: 'bd971629a90802411a9aa8f8ad94f345') in 0.0181222 seconds
Number of updated asset objects reloaded before import = 0Number of asset objects unloaded after import = 3

========================================================================
Received Import Request.
  Time since last request: 0.290036 seconds.
  path: Assets/Asset/Image/FemaleStreetFighter/030.png
  artifactKey: Guid(471de487fd133e045a65da2cbe583fc2) Importer(815301076,1909f56bfc062723c751e8b465ee728b)
Start importing Assets/Asset/Image/FemaleStreetFighter/030.png using Guid(471de487fd133e045a65da2cbe583fc2) Importer(815301076,1909f56bfc062723c751e8b465ee728b) (PreviewImporter) -> (artifact id: 'a5fc8abe9f139ff484531acd24ea9212') in 0.0192794 seconds
Number of updated asset objects reloaded before import = 0Number of asset objects unloaded after import = 3

========================================================================
Received Import Request.
  Time since last request: 0.006393 seconds.
  path: Assets/Asset/Image/FemaleStreetFighter/033.png
  artifactKey: Guid(4a2890ef83bf8a94d9912d9babff676a) Importer(815301076,1909f56bfc062723c751e8b465ee728b)
Start importing Assets/Asset/Image/FemaleStreetFighter/033.png using Guid(4a2890ef83bf8a94d9912d9babff676a) Importer(815301076,1909f56bfc062723c751e8b465ee728b) (PreviewImporter) -> (artifact id: 'cf94b70bddceac118aa0390ef1bb08f0') in 0.0203035 seconds
Number of updated asset objects reloaded before import = 0Number of asset objects unloaded after import = 3

========================================================================
Received Import Request.
  Time since last request: 0.000015 seconds.
  path: Assets/Asset/Image/FemaleStreetFighter/034.png
  artifactKey: Guid(c39cd60e431e1b9408b682b30265bcb1) Importer(815301076,1909f56bfc062723c751e8b465ee728b)
Start importing Assets/Asset/Image/FemaleStreetFighter/034.png using Guid(c39cd60e431e1b9408b682b30265bcb1) Importer(815301076,1909f56bfc062723c751e8b465ee728b) (PreviewImporter) -> (artifact id: 'ebfe99e1975b0f53bc644f2c89128752') in 0.0183507 seconds
Number of updated asset objects reloaded before import = 0Number of asset objects unloaded after import = 3

========================================================================
Received Import Request.
  Time since last request: 0.242855 seconds.
  path: Assets/Asset/Image/FemaleStreetFighter/036.png
  artifactKey: Guid(17e72abe8a1a3e7429f4131347d02863) Importer(815301076,1909f56bfc062723c751e8b465ee728b)
Start importing Assets/Asset/Image/FemaleStreetFighter/036.png using Guid(17e72abe8a1a3e7429f4131347d02863) Importer(815301076,1909f56bfc062723c751e8b465ee728b) (PreviewImporter) -> (artifact id: '203ee69fac2b742d249efa83905da494') in 0.0159727 seconds
Number of updated asset objects reloaded before import = 0Number of asset objects unloaded after import = 3

========================================================================
Received Import Request.
  Time since last request: 0.256324 seconds.
  path: Assets/Asset/Image/FemaleStreetFighter/039.png
  artifactKey: Guid(e4f7b2ba83f532a4e9497381da2673b6) Importer(815301076,1909f56bfc062723c751e8b465ee728b)
Start importing Assets/Asset/Image/FemaleStreetFighter/039.png using Guid(e4f7b2ba83f532a4e9497381da2673b6) Importer(815301076,1909f56bfc062723c751e8b465ee728b) (PreviewImporter) -> (artifact id: '82f08d76b74570245a8f3bbf0cbe99fe') in 0.0177815 seconds
Number of updated asset objects reloaded before import = 0Number of asset objects unloaded after import = 3

========================================================================
Received Import Request.
  Time since last request: 0.000013 seconds.
  path: Assets/Asset/Image/FemaleStreetFighter/041.png
  artifactKey: Guid(8c82e70d579c798499181589d9e43823) Importer(815301076,1909f56bfc062723c751e8b465ee728b)
Start importing Assets/Asset/Image/FemaleStreetFighter/041.png using Guid(8c82e70d579c798499181589d9e43823) Importer(815301076,1909f56bfc062723c751e8b465ee728b) (PreviewImporter) -> (artifact id: '05b82ef245fd4e072f4344a02d32d136') in 0.0166694 seconds
Number of updated asset objects reloaded before import = 0Number of asset objects unloaded after import = 3

========================================================================
Received Import Request.
  Time since last request: 0.000020 seconds.
  path: Assets/Asset/Image/FemaleStreetFighter/043.png
  artifactKey: Guid(ad7fb9a0b19e29d41ac35ed99dc63569) Importer(815301076,1909f56bfc062723c751e8b465ee728b)
Start importing Assets/Asset/Image/FemaleStreetFighter/043.png using Guid(ad7fb9a0b19e29d41ac35ed99dc63569) Importer(815301076,1909f56bfc062723c751e8b465ee728b) (PreviewImporter) -> (artifact id: 'cd8177f6c7d2c35f6d421cdd483e60d9') in 0.0177837 seconds
Number of updated asset objects reloaded before import = 0Number of asset objects unloaded after import = 3

========================================================================
Received Import Request.
  Time since last request: 0.241332 seconds.
  path: Assets/Asset/Image/FemaleStreetFighter/045.png
  artifactKey: Guid(4b71ac3199885534fb19e8c46f9f4286) Importer(815301076,1909f56bfc062723c751e8b465ee728b)
Start importing Assets/Asset/Image/FemaleStreetFighter/045.png using Guid(4b71ac3199885534fb19e8c46f9f4286) Importer(815301076,1909f56bfc062723c751e8b465ee728b) (PreviewImporter) -> (artifact id: 'b79b3da7e1f37675d55074e6a808d1fa') in 0.0142182 seconds
Number of updated asset objects reloaded before import = 0Number of asset objects unloaded after import = 3

========================================================================
Received Import Request.
  Time since last request: 0.000017 seconds.
  path: Assets/Asset/Image/FemaleStreetFighter/047.png
  artifactKey: Guid(bf9c80158bc2e7e448b8a3f336ac9fa7) Importer(815301076,1909f56bfc062723c751e8b465ee728b)
Start importing Assets/Asset/Image/FemaleStreetFighter/047.png using Guid(bf9c80158bc2e7e448b8a3f336ac9fa7) Importer(815301076,1909f56bfc062723c751e8b465ee728b) (PreviewImporter) -> (artifact id: 'd5b93c8b3e45dfd8aac11dd8c16565ca') in 0.017628 seconds
Number of updated asset objects reloaded before import = 0Number of asset objects unloaded after import = 3

========================================================================
Received Import Request.
  Time since last request: 0.226852 seconds.
  path: Assets/Asset/Image/FemaleStreetFighter/048.png
  artifactKey: Guid(73da8ca3dfc41c34b9d832c9697a9e9d) Importer(815301076,1909f56bfc062723c751e8b465ee728b)
Start importing Assets/Asset/Image/FemaleStreetFighter/048.png using Guid(73da8ca3dfc41c34b9d832c9697a9e9d) Importer(815301076,1909f56bfc062723c751e8b465ee728b) (PreviewImporter) -> (artifact id: '826f67a89d817dacd0f9001d9b5cd6f7') in 0.0152491 seconds
Number of updated asset objects reloaded before import = 0Number of asset objects unloaded after import = 3

========================================================================
Received Import Request.
  Time since last request: 0.000017 seconds.
  path: Assets/Asset/Image/FemaleStreetFighter/050.png
  artifactKey: Guid(89b6e4288c5d49044a004294ff9b2c5e) Importer(815301076,1909f56bfc062723c751e8b465ee728b)
Start importing Assets/Asset/Image/FemaleStreetFighter/050.png using Guid(89b6e4288c5d49044a004294ff9b2c5e) Importer(815301076,1909f56bfc062723c751e8b465ee728b) (PreviewImporter) -> (artifact id: '0a4207692829dc8ecf336f004a52d21b') in 0.0175572 seconds
Number of updated asset objects reloaded before import = 0Number of asset objects unloaded after import = 3

========================================================================
Received Import Request.
  Time since last request: 0.000018 seconds.
  path: Assets/Asset/Image/FemaleStreetFighter/053.png
  artifactKey: Guid(ce99edf6c7bd1514daf1ba5ea4a33e34) Importer(815301076,1909f56bfc062723c751e8b465ee728b)
Start importing Assets/Asset/Image/FemaleStreetFighter/053.png using Guid(ce99edf6c7bd1514daf1ba5ea4a33e34) Importer(815301076,1909f56bfc062723c751e8b465ee728b) (PreviewImporter) -> (artifact id: 'c35af51fb96bb33d2be0ad1678b4f78a') in 0.0168728 seconds
Number of updated asset objects reloaded before import = 0Number of asset objects unloaded after import = 3

========================================================================
Received Import Request.
  Time since last request: 0.258423 seconds.
  path: Assets/Asset/Image/FemaleStreetFighter/054.png
  artifactKey: Guid(6a1bfb8b115a1be4f862dd6750e25e81) Importer(815301076,1909f56bfc062723c751e8b465ee728b)
Start importing Assets/Asset/Image/FemaleStreetFighter/054.png using Guid(6a1bfb8b115a1be4f862dd6750e25e81) Importer(815301076,1909f56bfc062723c751e8b465ee728b) (PreviewImporter) -> (artifact id: '91256eede312e3e2049d63eb97d7e878') in 0.0193286 seconds
Number of updated asset objects reloaded before import = 0Number of asset objects unloaded after import = 3

========================================================================
Received Import Request.
  Time since last request: 0.233498 seconds.
  path: Assets/Asset/Image/FemaleStreetFighter/057.png
  artifactKey: Guid(df8e27502075fa64e9deba9450981f86) Importer(815301076,1909f56bfc062723c751e8b465ee728b)
Start importing Assets/Asset/Image/FemaleStreetFighter/057.png using Guid(df8e27502075fa64e9deba9450981f86) Importer(815301076,1909f56bfc062723c751e8b465ee728b) (PreviewImporter) -> (artifact id: '077b76f4ed0011b5f20e71b36c8037a5') in 0.0156052 seconds
Number of updated asset objects reloaded before import = 0Number of asset objects unloaded after import = 3

========================================================================
Received Import Request.
  Time since last request: 0.000013 seconds.
  path: Assets/Asset/Image/FemaleStreetFighter/059.png
  artifactKey: Guid(8b2f9ac87a8c96c4298fa1d24d568be1) Importer(815301076,1909f56bfc062723c751e8b465ee728b)
Start importing Assets/Asset/Image/FemaleStreetFighter/059.png using Guid(8b2f9ac87a8c96c4298fa1d24d568be1) Importer(815301076,1909f56bfc062723c751e8b465ee728b) (PreviewImporter) -> (artifact id: 'dce1a0cf2586cacc40eeae3749fd014e') in 0.0135709 seconds
Number of updated asset objects reloaded before import = 0Number of asset objects unloaded after import = 3

========================================================================
Received Import Request.
  Time since last request: 0.214774 seconds.
  path: Assets/Asset/Image/FemaleStreetFighter/060.png
  artifactKey: Guid(ce2710b2c33a48544b2c5a700342a897) Importer(815301076,1909f56bfc062723c751e8b465ee728b)
Start importing Assets/Asset/Image/FemaleStreetFighter/060.png using Guid(ce2710b2c33a48544b2c5a700342a897) Importer(815301076,1909f56bfc062723c751e8b465ee728b) (PreviewImporter) -> (artifact id: '34ef6fb8c0171e6755820532ea15ed0c') in 0.0154269 seconds
Number of updated asset objects reloaded before import = 0Number of asset objects unloaded after import = 3

========================================================================
Received Import Request.
  Time since last request: 0.000016 seconds.
  path: Assets/Asset/Image/FemaleStreetFighter/062.png
  artifactKey: Guid(7417cbc877ee9e4429e15bfe27271a30) Importer(815301076,1909f56bfc062723c751e8b465ee728b)
Start importing Assets/Asset/Image/FemaleStreetFighter/062.png using Guid(7417cbc877ee9e4429e15bfe27271a30) Importer(815301076,1909f56bfc062723c751e8b465ee728b) (PreviewImporter) -> (artifact id: '63d39bfb54430ec8224a39b83f7c260a') in 0.0135541 seconds
Number of updated asset objects reloaded before import = 0Number of asset objects unloaded after import = 3

========================================================================
Received Import Request.
  Time since last request: 0.239276 seconds.
  path: Assets/Asset/Image/FemaleStreetFighter/063.png
  artifactKey: Guid(a9b133a260a38724a840eee8d603cd24) Importer(815301076,1909f56bfc062723c751e8b465ee728b)
Start importing Assets/Asset/Image/FemaleStreetFighter/063.png using Guid(a9b133a260a38724a840eee8d603cd24) Importer(815301076,1909f56bfc062723c751e8b465ee728b) (PreviewImporter) -> (artifact id: 'c567ccba5d77d15ef31938ad17e1ba13') in 0.0163102 seconds
Number of updated asset objects reloaded before import = 0Number of asset objects unloaded after import = 3

========================================================================
Received Import Request.
  Time since last request: 0.000020 seconds.
  path: Assets/Asset/Image/FemaleStreetFighter/065.png
  artifactKey: Guid(dfa5cf450bcebc847b66aed7088fc31b) Importer(815301076,1909f56bfc062723c751e8b465ee728b)
Start importing Assets/Asset/Image/FemaleStreetFighter/065.png using Guid(dfa5cf450bcebc847b66aed7088fc31b) Importer(815301076,1909f56bfc062723c751e8b465ee728b) (PreviewImporter) -> (artifact id: '92e6a1a5c98e540c253180c9cc86f743') in 0.0179584 seconds
Number of updated asset objects reloaded before import = 0Number of asset objects unloaded after import = 3

========================================================================
Received Import Request.
  Time since last request: 0.000017 seconds.
  path: Assets/Asset/Image/FemaleStreetFighter/067.png
  artifactKey: Guid(433feaa72eef1d049b48cec4782d146a) Importer(815301076,1909f56bfc062723c751e8b465ee728b)
Start importing Assets/Asset/Image/FemaleStreetFighter/067.png using Guid(433feaa72eef1d049b48cec4782d146a) Importer(815301076,1909f56bfc062723c751e8b465ee728b) (PreviewImporter) -> (artifact id: '78431debc55b3c56ea475a00ddb3fbd4') in 0.0189611 seconds
Number of updated asset objects reloaded before import = 0Number of asset objects unloaded after import = 3

========================================================================
Received Import Request.
  Time since last request: 0.000030 seconds.
  path: Assets/Asset/Image/FemaleStreetFighter/069.png
  artifactKey: Guid(1585d9cc44eb6e34dbc7969dd8f0f47e) Importer(815301076,1909f56bfc062723c751e8b465ee728b)
Start importing Assets/Asset/Image/FemaleStreetFighter/069.png using Guid(1585d9cc44eb6e34dbc7969dd8f0f47e) Importer(815301076,1909f56bfc062723c751e8b465ee728b) (PreviewImporter) -> (artifact id: '6bc41fc111defcebaa2ee7e07651dccc') in 0.0186576 seconds
Number of updated asset objects reloaded before import = 0Number of asset objects unloaded after import = 3

========================================================================
Received Import Request.
  Time since last request: 0.360539 seconds.
  path: Assets/Asset/Image/FemaleStreetFighter/072.png
  artifactKey: Guid(8dcda208e4cd5674c9e863f41bb90050) Importer(815301076,1909f56bfc062723c751e8b465ee728b)
Start importing Assets/Asset/Image/FemaleStreetFighter/072.png using Guid(8dcda208e4cd5674c9e863f41bb90050) Importer(815301076,1909f56bfc062723c751e8b465ee728b) (PreviewImporter) -> (artifact id: 'e739ca186b31eeb96f5c65c3a326cfb7') in 0.018927 seconds
Number of updated asset objects reloaded before import = 0Number of asset objects unloaded after import = 3

========================================================================
Received Import Request.
  Time since last request: 0.000016 seconds.
  path: Assets/Asset/Image/FemaleStreetFighter/074.png
  artifactKey: Guid(6503586292abdee4aa8269040d735741) Importer(815301076,1909f56bfc062723c751e8b465ee728b)
Start importing Assets/Asset/Image/FemaleStreetFighter/074.png using Guid(6503586292abdee4aa8269040d735741) Importer(815301076,1909f56bfc062723c751e8b465ee728b) (PreviewImporter) -> (artifact id: '5b74f37e57dad8ec463c395292314826') in 0.0193775 seconds
Number of updated asset objects reloaded before import = 0Number of asset objects unloaded after import = 3

========================================================================
Received Import Request.
  Time since last request: 0.255664 seconds.
  path: Assets/Asset/Image/FemaleStreetFighter/075.png
  artifactKey: Guid(8b4924ddd7e8b544ab3b1637f7360844) Importer(815301076,1909f56bfc062723c751e8b465ee728b)
Start importing Assets/Asset/Image/FemaleStreetFighter/075.png using Guid(8b4924ddd7e8b544ab3b1637f7360844) Importer(815301076,1909f56bfc062723c751e8b465ee728b) (PreviewImporter) -> (artifact id: '1bc41549719a79343e957eb2a5d253c8') in 0.0152638 seconds
Number of updated asset objects reloaded before import = 0Number of asset objects unloaded after import = 3

========================================================================
Received Import Request.
  Time since last request: 0.000017 seconds.
  path: Assets/Asset/Image/FemaleStreetFighter/077.png
  artifactKey: Guid(6600d1a15e3e2bb46b04fd85bd6ab8fe) Importer(815301076,1909f56bfc062723c751e8b465ee728b)
Start importing Assets/Asset/Image/FemaleStreetFighter/077.png using Guid(6600d1a15e3e2bb46b04fd85bd6ab8fe) Importer(815301076,1909f56bfc062723c751e8b465ee728b) (PreviewImporter) -> (artifact id: '52c5a88de06708ebf11a8185edbb9e23') in 0.0171805 seconds
Number of updated asset objects reloaded before import = 0Number of asset objects unloaded after import = 3

========================================================================
Received Import Request.
  Time since last request: 0.000018 seconds.
  path: Assets/Asset/Image/FemaleStreetFighter/079.png
  artifactKey: Guid(1eda59c355cf7f8409d5b887ca629656) Importer(815301076,1909f56bfc062723c751e8b465ee728b)
Start importing Assets/Asset/Image/FemaleStreetFighter/079.png using Guid(1eda59c355cf7f8409d5b887ca629656) Importer(815301076,1909f56bfc062723c751e8b465ee728b) (PreviewImporter) -> (artifact id: 'e3bf1d3e0d95c40deb1bdc307f12691c') in 0.0152671 seconds
Number of updated asset objects reloaded before import = 0Number of asset objects unloaded after import = 3

========================================================================
Received Import Request.
  Time since last request: 0.223791 seconds.
  path: Assets/Asset/Image/FemaleStreetFighter/081.png
  artifactKey: Guid(470a4b707a409ea429dad213ebb72f4e) Importer(815301076,1909f56bfc062723c751e8b465ee728b)
Start importing Assets/Asset/Image/FemaleStreetFighter/081.png using Guid(470a4b707a409ea429dad213ebb72f4e) Importer(815301076,1909f56bfc062723c751e8b465ee728b) (PreviewImporter) -> (artifact id: 'edcd6ed90367e78fee444d7d4ad6c26d') in 0.0205455 seconds
Number of updated asset objects reloaded before import = 0Number of asset objects unloaded after import = 3

========================================================================
Received Import Request.
  Time since last request: 0.246811 seconds.
  path: Assets/Asset/Image/FemaleStreetFighter/084.png
  artifactKey: Guid(cf957dd5afa990246a589ee57053b0c8) Importer(815301076,1909f56bfc062723c751e8b465ee728b)
Start importing Assets/Asset/Image/FemaleStreetFighter/084.png using Guid(cf957dd5afa990246a589ee57053b0c8) Importer(815301076,1909f56bfc062723c751e8b465ee728b) (PreviewImporter) -> (artifact id: 'd45a9a62956e4b71b852bd66c4b9b4db') in 0.0182523 seconds
Number of updated asset objects reloaded before import = 0Number of asset objects unloaded after import = 3

========================================================================
Received Import Request.
  Time since last request: 0.000016 seconds.
  path: Assets/Asset/Image/FemaleStreetFighter/086.png
  artifactKey: Guid(a6f1964ae3c1c4e43a62e59f1c42d80f) Importer(815301076,1909f56bfc062723c751e8b465ee728b)
Start importing Assets/Asset/Image/FemaleStreetFighter/086.png using Guid(a6f1964ae3c1c4e43a62e59f1c42d80f) Importer(815301076,1909f56bfc062723c751e8b465ee728b) (PreviewImporter) -> (artifact id: '0a1b1d38363ea80be2c660802a720dba') in 0.0209245 seconds
Number of updated asset objects reloaded before import = 0Number of asset objects unloaded after import = 3

========================================================================
Received Import Request.
  Time since last request: 0.000017 seconds.
  path: Assets/Asset/Image/FemaleStreetFighter/088.png
  artifactKey: Guid(155e4e707cf13234a94461e8f4eda99e) Importer(815301076,1909f56bfc062723c751e8b465ee728b)
Start importing Assets/Asset/Image/FemaleStreetFighter/088.png using Guid(155e4e707cf13234a94461e8f4eda99e) Importer(815301076,1909f56bfc062723c751e8b465ee728b) (PreviewImporter) -> (artifact id: '0144d5769b7326d5c44ec13408493bdd') in 0.0186496 seconds
Number of updated asset objects reloaded before import = 0Number of asset objects unloaded after import = 3

========================================================================
Received Import Request.
  Time since last request: 0.820958 seconds.
  path: Assets/Asset/Image/FemaleStreetFighter/090.png
  artifactKey: Guid(8161e416b20387740b4e6d28b1a37adb) Importer(815301076,1909f56bfc062723c751e8b465ee728b)
Start importing Assets/Asset/Image/FemaleStreetFighter/090.png using Guid(8161e416b20387740b4e6d28b1a37adb) Importer(815301076,1909f56bfc062723c751e8b465ee728b) (PreviewImporter) -> (artifact id: '6fe2518145594a5de81b1a60145aeaa8') in 0.0157771 seconds
Number of updated asset objects reloaded before import = 0Number of asset objects unloaded after import = 3

========================================================================
Received Import Request.
  Time since last request: 0.000017 seconds.
  path: Assets/Asset/Image/FemaleStreetFighter/092.png
  artifactKey: Guid(8b03b17b93beb3f44b9ca94fa319eb19) Importer(815301076,1909f56bfc062723c751e8b465ee728b)
Start importing Assets/Asset/Image/FemaleStreetFighter/092.png using Guid(8b03b17b93beb3f44b9ca94fa319eb19) Importer(815301076,1909f56bfc062723c751e8b465ee728b) (PreviewImporter) -> (artifact id: '06be67a01dc2498e6bebdbf68ea270be') in 0.0168093 seconds
Number of updated asset objects reloaded before import = 0Number of asset objects unloaded after import = 3

========================================================================
Received Import Request.
  Time since last request: 0.499434 seconds.
  path: Assets/Asset/Image/FemaleStreetFighter/093.png
  artifactKey: Guid(43bebb28dfc00134da5abc64f8089ab2) Importer(815301076,1909f56bfc062723c751e8b465ee728b)
Start importing Assets/Asset/Image/FemaleStreetFighter/093.png using Guid(43bebb28dfc00134da5abc64f8089ab2) Importer(815301076,1909f56bfc062723c751e8b465ee728b) (PreviewImporter) -> (artifact id: '8e24c8fe18e6de8c985b83afe3798209') in 0.0168425 seconds
Number of updated asset objects reloaded before import = 0Number of asset objects unloaded after import = 3

========================================================================
Received Import Request.
  Time since last request: 8.542900 seconds.
  path: Assets/Asset/Image/FemaleStreetFighter/097.png
  artifactKey: Guid(d8666a15397a53b4bae1ab8220fd42c4) Importer(815301076,1909f56bfc062723c751e8b465ee728b)
Start importing Assets/Asset/Image/FemaleStreetFighter/097.png using Guid(d8666a15397a53b4bae1ab8220fd42c4) Importer(815301076,1909f56bfc062723c751e8b465ee728b) (PreviewImporter) -> (artifact id: '6e0ec8acbebbeff0ea3b5fd7a6afed98') in 0.0179247 seconds
Number of updated asset objects reloaded before import = 0Number of asset objects unloaded after import = 3

========================================================================
Received Import Request.
  Time since last request: 1.242582 seconds.
  path: Assets/Asset/Image/FemaleStreetFighter/100.png
  artifactKey: Guid(b8f21a11cc0727b48ab5333fc8150fc7) Importer(815301076,1909f56bfc062723c751e8b465ee728b)
Start importing Assets/Asset/Image/FemaleStreetFighter/100.png using Guid(b8f21a11cc0727b48ab5333fc8150fc7) Importer(815301076,1909f56bfc062723c751e8b465ee728b) (PreviewImporter) -> (artifact id: 'e617006dd888c31b12655fab8fbffc27') in 0.0171223 seconds
Number of updated asset objects reloaded before import = 0Number of asset objects unloaded after import = 3

========================================================================
Received Import Request.
  Time since last request: 0.010426 seconds.
  path: Assets/Asset/Image/FemaleStreetFighter/103.png
  artifactKey: Guid(f75a15b3a24382647abbb8623bbb4f29) Importer(815301076,1909f56bfc062723c751e8b465ee728b)
Start importing Assets/Asset/Image/FemaleStreetFighter/103.png using Guid(f75a15b3a24382647abbb8623bbb4f29) Importer(815301076,1909f56bfc062723c751e8b465ee728b) (PreviewImporter) -> (artifact id: '90b815f5a8f9cc2fc02d5104f953626f') in 0.0170367 seconds
Number of updated asset objects reloaded before import = 0Number of asset objects unloaded after import = 3

========================================================================
Received Import Request.
  Time since last request: 0.514540 seconds.
  path: Assets/Asset/Image/FemaleStreetFighter/106.png
  artifactKey: Guid(03138728a4ae9ab41ba2481d151813ff) Importer(815301076,1909f56bfc062723c751e8b465ee728b)
Start importing Assets/Asset/Image/FemaleStreetFighter/106.png using Guid(03138728a4ae9ab41ba2481d151813ff) Importer(815301076,1909f56bfc062723c751e8b465ee728b) (PreviewImporter) -> (artifact id: '4f0b7ab25431ea24e55fad956846da0f') in 0.0171795 seconds
Number of updated asset objects reloaded before import = 0Number of asset objects unloaded after import = 3

========================================================================
Received Import Request.
  Time since last request: 0.623809 seconds.
  path: Assets/Asset/Image/FemaleStreetFighter/109.png
  artifactKey: Guid(951d4bc7611e7c44f8933ed5478e4462) Importer(815301076,1909f56bfc062723c751e8b465ee728b)
Start importing Assets/Asset/Image/FemaleStreetFighter/109.png using Guid(951d4bc7611e7c44f8933ed5478e4462) Importer(815301076,1909f56bfc062723c751e8b465ee728b) (PreviewImporter) -> (artifact id: 'db99b3761da598938479c1f4aadca36e') in 0.0175536 seconds
Number of updated asset objects reloaded before import = 0Number of asset objects unloaded after import = 3

========================================================================
Received Import Request.
  Time since last request: 0.004431 seconds.
  path: Assets/Asset/Image/FemaleStreetFighter/112.png
  artifactKey: Guid(fab5d6ec249d1b54386f4f26b88b8e88) Importer(815301076,1909f56bfc062723c751e8b465ee728b)
Start importing Assets/Asset/Image/FemaleStreetFighter/112.png using Guid(fab5d6ec249d1b54386f4f26b88b8e88) Importer(815301076,1909f56bfc062723c751e8b465ee728b) (PreviewImporter) -> (artifact id: 'aa09ab2b128616ce69c3349072aa7f15') in 0.016392 seconds
Number of updated asset objects reloaded before import = 0Number of asset objects unloaded after import = 3

========================================================================
Received Import Request.
  Time since last request: 1.061268 seconds.
  path: Assets/Asset/Image/FemaleStreetFighter/115.png
  artifactKey: Guid(771b21aa33d52ff46b0af62adb520237) Importer(815301076,1909f56bfc062723c751e8b465ee728b)
Start importing Assets/Asset/Image/FemaleStreetFighter/115.png using Guid(771b21aa33d52ff46b0af62adb520237) Importer(815301076,1909f56bfc062723c751e8b465ee728b) (PreviewImporter) -> (artifact id: '13d51fe25275509c9447a63b0c0ba539') in 0.0186179 seconds
Number of updated asset objects reloaded before import = 0Number of asset objects unloaded after import = 3

========================================================================
Received Import Request.
  Time since last request: 0.540539 seconds.
  path: Assets/Asset/Image/FemaleStreetFighter/118.png
  artifactKey: Guid(d414d0cea2368a949af5f9950bbf7931) Importer(815301076,1909f56bfc062723c751e8b465ee728b)
Start importing Assets/Asset/Image/FemaleStreetFighter/118.png using Guid(d414d0cea2368a949af5f9950bbf7931) Importer(815301076,1909f56bfc062723c751e8b465ee728b) (PreviewImporter) -> (artifact id: 'f223259a93556e0152deb93d84715bc8') in 0.0195086 seconds
Number of updated asset objects reloaded before import = 0Number of asset objects unloaded after import = 3

========================================================================
Received Import Request.
  Time since last request: 0.010511 seconds.
  path: Assets/Asset/Image/FemaleStreetFighter/121.png
  artifactKey: Guid(c554e542bc2544445b37e5b939a26d56) Importer(815301076,1909f56bfc062723c751e8b465ee728b)
Start importing Assets/Asset/Image/FemaleStreetFighter/121.png using Guid(c554e542bc2544445b37e5b939a26d56) Importer(815301076,1909f56bfc062723c751e8b465ee728b) (PreviewImporter) -> (artifact id: '18aab4b3cfa88c73104fd13f57863114') in 0.0157336 seconds
Number of updated asset objects reloaded before import = 0Number of asset objects unloaded after import = 3

========================================================================
Received Import Request.
  Time since last request: 0.377762 seconds.
  path: Assets/Asset/Image/FemaleStreetFighter/124.png
  artifactKey: Guid(fa0c9c7f77b0b6a4e88dee0116801f9b) Importer(815301076,1909f56bfc062723c751e8b465ee728b)
Start importing Assets/Asset/Image/FemaleStreetFighter/124.png using Guid(fa0c9c7f77b0b6a4e88dee0116801f9b) Importer(815301076,1909f56bfc062723c751e8b465ee728b) (PreviewImporter) -> (artifact id: '4f3345e8d455583c38eaad7d8e139cea') in 0.0198746 seconds
Number of updated asset objects reloaded before import = 0Number of asset objects unloaded after import = 3

========================================================================
Received Import Request.
  Time since last request: 0.488533 seconds.
  path: Assets/Asset/Image/FemaleStreetFighter/131.png
  artifactKey: Guid(b93ce8b289f18494f9d8199417c5ff32) Importer(815301076,1909f56bfc062723c751e8b465ee728b)
Start importing Assets/Asset/Image/FemaleStreetFighter/131.png using Guid(b93ce8b289f18494f9d8199417c5ff32) Importer(815301076,1909f56bfc062723c751e8b465ee728b) (PreviewImporter) -> (artifact id: '4a7119ff1fe8e36d359c924854548e6e') in 0.0150214 seconds
Number of updated asset objects reloaded before import = 0Number of asset objects unloaded after import = 3

========================================================================
Received Import Request.
  Time since last request: 0.506010 seconds.
  path: Assets/Asset/Image/FemaleStreetFighter/133.png
  artifactKey: Guid(6abd5571203e62c49876451790bc10bb) Importer(815301076,1909f56bfc062723c751e8b465ee728b)
Start importing Assets/Asset/Image/FemaleStreetFighter/133.png using Guid(6abd5571203e62c49876451790bc10bb) Importer(815301076,1909f56bfc062723c751e8b465ee728b) (PreviewImporter) -> (artifact id: 'ea482603a49b235091e664039d7042bc') in 0.0184905 seconds
Number of updated asset objects reloaded before import = 0Number of asset objects unloaded after import = 3

========================================================================
Received Import Request.
  Time since last request: 0.433634 seconds.
  path: Assets/Asset/Image/FemaleStreetFighter/136.png
  artifactKey: Guid(50432b5be3bcb584b8b3e65518a9d3de) Importer(815301076,1909f56bfc062723c751e8b465ee728b)
Start importing Assets/Asset/Image/FemaleStreetFighter/136.png using Guid(50432b5be3bcb584b8b3e65518a9d3de) Importer(815301076,1909f56bfc062723c751e8b465ee728b) (PreviewImporter) -> (artifact id: '34fd8d76dbcc078b506a4941b8c0fbcb') in 0.0175059 seconds
Number of updated asset objects reloaded before import = 0Number of asset objects unloaded after import = 3

========================================================================
Received Import Request.
  Time since last request: 7.182549 seconds.
  path: Assets/Asset/Image/FemaleStreetFighter/139.png
  artifactKey: Guid(541853df17f93cf40b0f0b5f1ce5dfc7) Importer(815301076,1909f56bfc062723c751e8b465ee728b)
Start importing Assets/Asset/Image/FemaleStreetFighter/139.png using Guid(541853df17f93cf40b0f0b5f1ce5dfc7) Importer(815301076,1909f56bfc062723c751e8b465ee728b) (PreviewImporter) -> (artifact id: '1f2ce1ce9d12d67142d68a7fe31cc11f') in 0.0188398 seconds
Number of updated asset objects reloaded before import = 0Number of asset objects unloaded after import = 3

Editor requested this worker to shutdown with reason: Scaling down because of idle timeout
AssetImportWorker is now disconnected from the server
Process exiting
Exiting without the bug reporter. Application will terminate with return code 0