Using pre-set license
Built from '6000.0/staging' branch; Version is '6000.0.40f1 (157d81624ddf) revision 1408385'; Using compiler version '193933523'; Build Type 'Release'
OS: 'Windows 11  (10.0.26100) 64bit Professional' Language: 'ko' Physical Memory: 32397 MB
BatchMode: 1, IsHumanControllingUs: 0, StartBugReporterOnCrash: 0, Is64bit: 1, IsPro: 1

COMMAND LINE ARGUMENTS:
C:\Program Files\Unity\Hub\Editor\6000.0.40f1\Editor\Unity.exe
-adb2
-batchMode
-noUpm
-name
AssetImportWorker4
-projectPath
C:/Users/asdgh/OneDrive/바탕 화면/Study/2DSideScroll/ShadowDash
-logFile
Logs/AssetImportWorker4.log
-srvPort
51406
-job-worker-count
5
-background-job-worker-count
8
-gc-helper-count
1
Successfully changed project path to: C:/Users/asdgh/OneDrive/바탕 화면/Study/2DSideScroll/ShadowDash
C:/Users/asdgh/OneDrive/바탕 화면/Study/2DSideScroll/ShadowDash
[UnityMemory] Configuration Parameters - Can be set up in boot.config
    "memorysetup-bucket-allocator-granularity=16"
    "memorysetup-bucket-allocator-bucket-count=8"
    "memorysetup-bucket-allocator-block-size=33554432"
    "memorysetup-bucket-allocator-block-count=8"
    "memorysetup-main-allocator-block-size=16777216"
    "memorysetup-thread-allocator-block-size=16777216"
    "memorysetup-gfx-main-allocator-block-size=16777216"
    "memorysetup-gfx-thread-allocator-block-size=16777216"
    "memorysetup-cache-allocator-block-size=4194304"
    "memorysetup-typetree-allocator-block-size=2097152"
    "memorysetup-profiler-bucket-allocator-granularity=16"
    "memorysetup-profiler-bucket-allocator-bucket-count=8"
    "memorysetup-profiler-bucket-allocator-block-size=33554432"
    "memorysetup-profiler-bucket-allocator-block-count=8"
    "memorysetup-profiler-allocator-block-size=16777216"
    "memorysetup-profiler-editor-allocator-block-size=1048576"
    "memorysetup-temp-allocator-size-main=16777216"
    "memorysetup-job-temp-allocator-block-size=2097152"
    "memorysetup-job-temp-allocator-block-size-background=1048576"
    "memorysetup-job-temp-allocator-reduction-small-platforms=262144"
    "memorysetup-allocator-temp-initial-block-size-main=262144"
    "memorysetup-allocator-temp-initial-block-size-worker=262144"
    "memorysetup-temp-allocator-size-background-worker=32768"
    "memorysetup-temp-allocator-size-job-worker=262144"
    "memorysetup-temp-allocator-size-preload-manager=33554432"
    "memorysetup-temp-allocator-size-nav-mesh-worker=65536"
    "memorysetup-temp-allocator-size-audio-worker=65536"
    "memorysetup-temp-allocator-size-cloud-worker=32768"
    "memorysetup-temp-allocator-size-gi-baking-worker=262144"
    "memorysetup-temp-allocator-size-gi-baking-worker=262144"
    "memorysetup-temp-allocator-size-gi-baking-worker=262144"
    "memorysetup-temp-allocator-size-gi-baking-worker=262144"
    "memorysetup-temp-allocator-size-gi-baking-worker=262144"
    "memorysetup-temp-allocator-size-gfx=262144"
Player connection [32588]  Target information:

Player connection [32588]  * "[IP] 121.179.63.129 [Port] 0 [Flags] 2 [Guid] 3340935230 [EditorId] 3340935230 [Version] 1048832 [Id] WindowsEditor(7,SangWon) [Debug] 1 [PackageName] WindowsEditor [ProjectName] Editor" 

Player connection [32588] Host joined multi-casting on [225.0.0.222:54997]...
Player connection [32588] Host joined alternative multi-casting on [225.0.0.222:34997]...
JobSystem: Creating JobQueue using job-worker-count value 5
Input System module state changed to: Initialized.
[Physics::Module] Initialized fallback backend.
[Physics::Module] Id: 0xdecafbad
Library Redirect Path: Library/
[Physics::Module] Selected backend.
[Physics::Module] Name: PhysX
[Physics::Module] Id: 0xf2b8ea05
[Physics::Module] SDK Version: 4.1.2
[Physics::Module] Integration Version: 1.0.0
[Physics::Module] Threading Mode: Multi-Threaded
Refreshing native plugins compatible for Editor in 2.68 ms, found 4 plugins.
Preloading 0 native plugins for Editor in 0.00 ms.
Initialize engine version: 6000.0.40f1 (157d81624ddf)
[Subsystems] Discovering subsystems at path C:/Program Files/Unity/Hub/Editor/6000.0.40f1/Editor/Data/Resources/UnitySubsystems
[Subsystems] Discovering subsystems at path C:/Users/asdgh/OneDrive/바탕 화면/Study/2DSideScroll/ShadowDash/Assets
GfxDevice: creating device client; kGfxThreadingModeNonThreaded
Direct3D:
    Version:  Direct3D 11.0 [level 11.1]
    Renderer: NVIDIA GeForce RTX 4060 Ti (ID=0x2803)
    Vendor:   NVIDIA
    VRAM:     7949 MB
    Driver:   32.0.15.6636
Initialize mono
Mono path[0] = 'C:/Program Files/Unity/Hub/Editor/6000.0.40f1/Editor/Data/Managed'
Mono path[1] = 'C:/Program Files/Unity/Hub/Editor/6000.0.40f1/Editor/Data/MonoBleedingEdge/lib/mono/unityjit-win32'
Mono config path = 'C:/Program Files/Unity/Hub/Editor/6000.0.40f1/Editor/Data/MonoBleedingEdge/etc'
Using monoOptions --debugger-agent=transport=dt_socket,embedding=1,server=y,suspend=n,address=127.0.0.1:56136
Begin MonoManager ReloadAssembly
Registering precompiled unity dll's ...
Register platform support module: C:/Program Files/Unity/Hub/Editor/6000.0.40f1/Editor/Data/PlaybackEngines/WebGLSupport/UnityEditor.WebGL.Extensions.dll
Register platform support module: C:/Program Files/Unity/Hub/Editor/6000.0.40f1/Editor/Data/PlaybackEngines/WindowsStandaloneSupport/UnityEditor.WindowsStandalone.Extensions.dll
Register platform support module: C:/Program Files/Unity/Hub/Editor/6000.0.40f1/Editor/Data/PlaybackEngines/MetroSupport/UnityEditor.UWP.Extensions.dll
Register platform support module: C:/Program Files/Unity/Hub/Editor/6000.0.40f1/Editor/Data/PlaybackEngines/AndroidPlayer/UnityEditor.Android.Extensions.dll
Registered in 0.005218 seconds.
- Loaded All Assemblies, in  0.334 seconds
Native extension for Android target not found
Android Extension - Scanning For ADB Devices 230 ms
Native extension for UWP target not found
Native extension for WindowsStandalone target not found
Native extension for WebGL target not found
Mono: successfully reloaded assembly
- Finished resetting the current domain, in  0.545 seconds
Domain Reload Profiling: 878ms
	BeginReloadAssembly (113ms)
		ExecutionOrderSort (0ms)
		DisableScriptedObjects (0ms)
		BackupInstance (0ms)
		ReleaseScriptingObjects (0ms)
		CreateAndSetChildDomain (1ms)
	RebuildCommonClasses (29ms)
	RebuildNativeTypeToScriptingClass (9ms)
	initialDomainReloadingComplete (42ms)
	LoadAllAssembliesAndSetupDomain (141ms)
		LoadAssemblies (108ms)
		RebuildTransferFunctionScriptingTraits (0ms)
		AnalyzeDomain (137ms)
			TypeCache.Refresh (136ms)
				TypeCache.ScanAssembly (122ms)
			BuildScriptInfoCaches (0ms)
			ResolveRequiredComponents (0ms)
	FinalizeReload (545ms)
		ReleaseScriptCaches (0ms)
		RebuildScriptCaches (0ms)
		SetupLoadedEditorAssemblies (497ms)
			LogAssemblyErrors (0ms)
			InitializePlatformSupportModulesInManaged (311ms)
			SetLoadedEditorAssemblies (4ms)
			BeforeProcessingInitializeOnLoad (40ms)
			ProcessInitializeOnLoadAttributes (93ms)
			ProcessInitializeOnLoadMethodAttributes (49ms)
			AfterProcessingInitializeOnLoad (0ms)
			EditorAssembliesLoaded (0ms)
		ExecutionOrderSort2 (0ms)
		AwakeInstancesAfterBackupRestoration (0ms)
========================================================================
Worker process is ready to serve import requests
Import Worker Mode flag is 0x00
Begin MonoManager ReloadAssembly
- Loaded All Assemblies, in  0.667 seconds
Refreshing native plugins compatible for Editor in 1.37 ms, found 4 plugins.
Native extension for Android target not found
Native extension for UWP target not found
Native extension for WindowsStandalone target not found
Native extension for WebGL target not found
Mono: successfully reloaded assembly
- Finished resetting the current domain, in  0.769 seconds
Domain Reload Profiling: 1432ms
	BeginReloadAssembly (143ms)
		ExecutionOrderSort (0ms)
		DisableScriptedObjects (5ms)
		BackupInstance (0ms)
		ReleaseScriptingObjects (0ms)
		CreateAndSetChildDomain (33ms)
	RebuildCommonClasses (28ms)
	RebuildNativeTypeToScriptingClass (8ms)
	initialDomainReloadingComplete (35ms)
	LoadAllAssembliesAndSetupDomain (447ms)
		LoadAssemblies (309ms)
		RebuildTransferFunctionScriptingTraits (0ms)
		AnalyzeDomain (219ms)
			TypeCache.Refresh (162ms)
				TypeCache.ScanAssembly (147ms)
			BuildScriptInfoCaches (47ms)
			ResolveRequiredComponents (7ms)
	FinalizeReload (769ms)
		ReleaseScriptCaches (0ms)
		RebuildScriptCaches (0ms)
		SetupLoadedEditorAssemblies (646ms)
			LogAssemblyErrors (0ms)
			InitializePlatformSupportModulesInManaged (11ms)
			SetLoadedEditorAssemblies (4ms)
			BeforeProcessingInitializeOnLoad (99ms)
			ProcessInitializeOnLoadAttributes (432ms)
			ProcessInitializeOnLoadMethodAttributes (95ms)
			AfterProcessingInitializeOnLoad (4ms)
			EditorAssembliesLoaded (0ms)
		ExecutionOrderSort2 (0ms)
		AwakeInstancesAfterBackupRestoration (5ms)
Launched and connected shader compiler UnityShaderCompiler.exe after 0.01 seconds
Refreshing native plugins compatible for Editor in 1.49 ms, found 4 plugins.
Preloading 0 native plugins for Editor in 0.00 ms.
Unloading 206 Unused Serialized files (Serialized files now loaded: 0)
Unloading 6581 unused Assets / (7.2 MB). Loaded Objects now: 7227.
Memory consumption went from 176.4 MB to 169.2 MB.
Total: 10.309800 ms (FindLiveObjects: 0.728600 ms CreateObjectMapping: 0.302500 ms MarkObjects: 6.374200 ms  DeleteObjects: 2.903400 ms)

========================================================================
Received Import Request.
  Time since last request: 22209.342860 seconds.
  path: Assets/Asset/Image/FemaleStreetFighter/096.png
  artifactKey: Guid(2be32eddd498ad4488ac6a8d3ea41d72) Importer(815301076,1909f56bfc062723c751e8b465ee728b)
Start importing Assets/Asset/Image/FemaleStreetFighter/096.png using Guid(2be32eddd498ad4488ac6a8d3ea41d72) Importer(815301076,1909f56bfc062723c751e8b465ee728b) (PreviewImporter) -> (artifact id: '12879c918f5be4f6d04766edfea411a1') in 0.0972864 seconds
Number of updated asset objects reloaded before import = 0Number of asset objects unloaded after import = 3

========================================================================
Received Import Request.
  Time since last request: 1.165712 seconds.
  path: Assets/Asset/Image/FemaleStreetFighter/099.png
  artifactKey: Guid(6b67f88feb457ad4e981db3f3dc97b79) Importer(815301076,1909f56bfc062723c751e8b465ee728b)
Start importing Assets/Asset/Image/FemaleStreetFighter/099.png using Guid(6b67f88feb457ad4e981db3f3dc97b79) Importer(815301076,1909f56bfc062723c751e8b465ee728b) (PreviewImporter) -> (artifact id: '719b89870bb01915341d46fea26fbd84') in 0.0177134 seconds
Number of updated asset objects reloaded before import = 0Number of asset objects unloaded after import = 3

========================================================================
Received Import Request.
  Time since last request: 0.009959 seconds.
  path: Assets/Asset/Image/FemaleStreetFighter/102.png
  artifactKey: Guid(1c8ab52fde3b3144eb59135697180a78) Importer(815301076,1909f56bfc062723c751e8b465ee728b)
Start importing Assets/Asset/Image/FemaleStreetFighter/102.png using Guid(1c8ab52fde3b3144eb59135697180a78) Importer(815301076,1909f56bfc062723c751e8b465ee728b) (PreviewImporter) -> (artifact id: 'e253167d7566740bc8c08108072b691a') in 0.0163703 seconds
Number of updated asset objects reloaded before import = 0Number of asset objects unloaded after import = 3

========================================================================
Received Import Request.
  Time since last request: 0.514230 seconds.
  path: Assets/Asset/Image/FemaleStreetFighter/105.png
  artifactKey: Guid(2e4b7d09c6f8bde4c8ab9238557a2196) Importer(815301076,1909f56bfc062723c751e8b465ee728b)
Start importing Assets/Asset/Image/FemaleStreetFighter/105.png using Guid(2e4b7d09c6f8bde4c8ab9238557a2196) Importer(815301076,1909f56bfc062723c751e8b465ee728b) (PreviewImporter) -> (artifact id: '9cfb7b0c9bf90b756aab4fce2ac60ef1') in 0.0168524 seconds
Number of updated asset objects reloaded before import = 0Number of asset objects unloaded after import = 3

========================================================================
Received Import Request.
  Time since last request: 0.623570 seconds.
  path: Assets/Asset/Image/FemaleStreetFighter/108.png
  artifactKey: Guid(6746f0b7b450c8d42aa05fbe606e4011) Importer(815301076,1909f56bfc062723c751e8b465ee728b)
Start importing Assets/Asset/Image/FemaleStreetFighter/108.png using Guid(6746f0b7b450c8d42aa05fbe606e4011) Importer(815301076,1909f56bfc062723c751e8b465ee728b) (PreviewImporter) -> (artifact id: 'd8da9e40d4cacd7393101e7b621602ee') in 0.0178902 seconds
Number of updated asset objects reloaded before import = 0Number of asset objects unloaded after import = 3

========================================================================
Received Import Request.
  Time since last request: 0.005336 seconds.
  path: Assets/Asset/Image/FemaleStreetFighter/111.png
  artifactKey: Guid(0f88410a224dfba4ebb1992d3cf85edd) Importer(815301076,1909f56bfc062723c751e8b465ee728b)
Start importing Assets/Asset/Image/FemaleStreetFighter/111.png using Guid(0f88410a224dfba4ebb1992d3cf85edd) Importer(815301076,1909f56bfc062723c751e8b465ee728b) (PreviewImporter) -> (artifact id: '33b91ea0fa54f5a8c45084d3fb0e1cab') in 0.015592 seconds
Number of updated asset objects reloaded before import = 0Number of asset objects unloaded after import = 3

========================================================================
Received Import Request.
  Time since last request: 1.061032 seconds.
  path: Assets/Asset/Image/FemaleStreetFighter/114.png
  artifactKey: Guid(2794412d0475b0e4fbd0ef40bfbb28f7) Importer(815301076,1909f56bfc062723c751e8b465ee728b)
Start importing Assets/Asset/Image/FemaleStreetFighter/114.png using Guid(2794412d0475b0e4fbd0ef40bfbb28f7) Importer(815301076,1909f56bfc062723c751e8b465ee728b) (PreviewImporter) -> (artifact id: 'a0805fe4d2f38b09335bfb32acf20480') in 0.0188855 seconds
Number of updated asset objects reloaded before import = 0Number of asset objects unloaded after import = 3

========================================================================
Received Import Request.
  Time since last request: 0.540278 seconds.
  path: Assets/Asset/Image/FemaleStreetFighter/117.png
  artifactKey: Guid(1a0744466abf9304d9912e1d6dfd5e3f) Importer(815301076,1909f56bfc062723c751e8b465ee728b)
Start importing Assets/Asset/Image/FemaleStreetFighter/117.png using Guid(1a0744466abf9304d9912e1d6dfd5e3f) Importer(815301076,1909f56bfc062723c751e8b465ee728b) (PreviewImporter) -> (artifact id: '1d4459c5812bbe50363d0fcd866edb16') in 0.0184026 seconds
Number of updated asset objects reloaded before import = 0Number of asset objects unloaded after import = 3

========================================================================
Received Import Request.
  Time since last request: 0.012133 seconds.
  path: Assets/Asset/Image/FemaleStreetFighter/120.png
  artifactKey: Guid(c3f00b7285d7ede4a8988ec88ca2e213) Importer(815301076,1909f56bfc062723c751e8b465ee728b)
Start importing Assets/Asset/Image/FemaleStreetFighter/120.png using Guid(c3f00b7285d7ede4a8988ec88ca2e213) Importer(815301076,1909f56bfc062723c751e8b465ee728b) (PreviewImporter) -> (artifact id: '17a580b22c506893d0e036e0fca0daac') in 0.0160806 seconds
Number of updated asset objects reloaded before import = 0Number of asset objects unloaded after import = 3

========================================================================
Received Import Request.
  Time since last request: 0.379068 seconds.
  path: Assets/Asset/Image/FemaleStreetFighter/123.png
  artifactKey: Guid(d3c4380aded776640af1f62413fe75c7) Importer(815301076,1909f56bfc062723c751e8b465ee728b)
Start importing Assets/Asset/Image/FemaleStreetFighter/123.png using Guid(d3c4380aded776640af1f62413fe75c7) Importer(815301076,1909f56bfc062723c751e8b465ee728b) (PreviewImporter) -> (artifact id: '0fddd5d3df0f3622811db816e7657021') in 0.0203222 seconds
Number of updated asset objects reloaded before import = 0Number of asset objects unloaded after import = 3

========================================================================
Received Import Request.
  Time since last request: 0.488125 seconds.
  path: Assets/Asset/Image/FemaleStreetFighter/130.png
  artifactKey: Guid(c1f6711c2823a7f4d8fd64b6c3ee0edb) Importer(815301076,1909f56bfc062723c751e8b465ee728b)
Start importing Assets/Asset/Image/FemaleStreetFighter/130.png using Guid(c1f6711c2823a7f4d8fd64b6c3ee0edb) Importer(815301076,1909f56bfc062723c751e8b465ee728b) (PreviewImporter) -> (artifact id: 'e84daccc1cc4c18987f8913ec2e851aa') in 0.0157856 seconds
Number of updated asset objects reloaded before import = 0Number of asset objects unloaded after import = 3

========================================================================
Received Import Request.
  Time since last request: 0.505937 seconds.
  path: Assets/Asset/Image/FemaleStreetFighter/132.png
  artifactKey: Guid(0bba94be51328f74888ff4b9cbde221f) Importer(815301076,1909f56bfc062723c751e8b465ee728b)
Start importing Assets/Asset/Image/FemaleStreetFighter/132.png using Guid(0bba94be51328f74888ff4b9cbde221f) Importer(815301076,1909f56bfc062723c751e8b465ee728b) (PreviewImporter) -> (artifact id: '1102899540e09f3f857accb88163bc15') in 0.0175109 seconds
Number of updated asset objects reloaded before import = 0Number of asset objects unloaded after import = 3

========================================================================
Received Import Request.
  Time since last request: 0.434093 seconds.
  path: Assets/Asset/Image/FemaleStreetFighter/135.png
  artifactKey: Guid(b8cb27d5ba143c143b0216def4c92e63) Importer(815301076,1909f56bfc062723c751e8b465ee728b)
Start importing Assets/Asset/Image/FemaleStreetFighter/135.png using Guid(b8cb27d5ba143c143b0216def4c92e63) Importer(815301076,1909f56bfc062723c751e8b465ee728b) (PreviewImporter) -> (artifact id: 'af755b17e2398dec4bf28d811c2dfd5e') in 0.017747 seconds
Number of updated asset objects reloaded before import = 0Number of asset objects unloaded after import = 3

========================================================================
Received Import Request.
  Time since last request: 7.181421 seconds.
  path: Assets/Asset/Image/FemaleStreetFighter/138.png
  artifactKey: Guid(d09d3ddd55c0e2346b02d58f6b99b959) Importer(815301076,1909f56bfc062723c751e8b465ee728b)
Start importing Assets/Asset/Image/FemaleStreetFighter/138.png using Guid(d09d3ddd55c0e2346b02d58f6b99b959) Importer(815301076,1909f56bfc062723c751e8b465ee728b) (PreviewImporter) -> (artifact id: '87281e3713bf4335fdd5b8a67f31ae6b') in 0.0184117 seconds
Number of updated asset objects reloaded before import = 0Number of asset objects unloaded after import = 3

========================================================================
Received Import Request.
  Time since last request: 11.829443 seconds.
  path: Assets/Asset/Image/FemaleStreetFighter/Animation/126_0.controller
  artifactKey: Guid(143c9a02fdcd90d46b4f81043471f908) Importer(815301076,1909f56bfc062723c751e8b465ee728b)
Start importing Assets/Asset/Image/FemaleStreetFighter/Animation/126_0.controller using Guid(143c9a02fdcd90d46b4f81043471f908) Importer(815301076,1909f56bfc062723c751e8b465ee728b) (PreviewImporter) -> (artifact id: '7066d625cfee37a01da5af791cac33ba') in 0.0015991 seconds
Number of updated asset objects reloaded before import = 0Number of asset objects unloaded after import = 1

========================================================================
Received Import Request.
  Time since last request: 60.840238 seconds.
  path: Assets/Asset/Image/FemaleStreetFighter/Animation/Dash.anim
  artifactKey: Guid(f357decb8d886634bb4f29c893960c48) Importer(815301076,1909f56bfc062723c751e8b465ee728b)
Start importing Assets/Asset/Image/FemaleStreetFighter/Animation/Dash.anim using Guid(f357decb8d886634bb4f29c893960c48) Importer(815301076,1909f56bfc062723c751e8b465ee728b) (PreviewImporter) -> (artifact id: '06cb9e32fdbc9bf42d573c7c50ff0426') in 0.0016059 seconds
Number of updated asset objects reloaded before import = 0Number of asset objects unloaded after import = 1

========================================================================
Received Import Request.
  Time since last request: 79.647902 seconds.
  path: Assets/Asset/Image/FemaleStreetFighter/141.png
  artifactKey: Guid(b0500cd5774121d4ea5b4541e947f661) Importer(815301076,1909f56bfc062723c751e8b465ee728b)
Start importing Assets/Asset/Image/FemaleStreetFighter/141.png using Guid(b0500cd5774121d4ea5b4541e947f661) Importer(815301076,1909f56bfc062723c751e8b465ee728b) (PreviewImporter) -> (artifact id: '321e3fd4e196fd01ba65dcb07543466d') in 0.0177003 seconds
Number of updated asset objects reloaded before import = 0Number of asset objects unloaded after import = 3

========================================================================
Received Import Request.
  Time since last request: 0.481969 seconds.
  path: Assets/Asset/Image/FemaleStreetFighter/144.png
  artifactKey: Guid(8c866c213e2056948a8dec1ead9fc20e) Importer(815301076,1909f56bfc062723c751e8b465ee728b)
Start importing Assets/Asset/Image/FemaleStreetFighter/144.png using Guid(8c866c213e2056948a8dec1ead9fc20e) Importer(815301076,1909f56bfc062723c751e8b465ee728b) (PreviewImporter) -> (artifact id: '5efce8e0a24bd37cb3629dea7b6dfbdf') in 0.0172528 seconds
Number of updated asset objects reloaded before import = 0Number of asset objects unloaded after import = 3

========================================================================
Received Import Request.
  Time since last request: 0.250082 seconds.
  path: Assets/Asset/Image/FemaleStreetFighter/147.png
  artifactKey: Guid(2215c21fcd460554e8f9a6143514a105) Importer(815301076,1909f56bfc062723c751e8b465ee728b)
Start importing Assets/Asset/Image/FemaleStreetFighter/147.png using Guid(2215c21fcd460554e8f9a6143514a105) Importer(815301076,1909f56bfc062723c751e8b465ee728b) (PreviewImporter) -> (artifact id: '99eea89251e10bd5484dbb0bc5abc01d') in 0.017076 seconds
Number of updated asset objects reloaded before import = 0Number of asset objects unloaded after import = 3

========================================================================
Received Import Request.
  Time since last request: 0.000016 seconds.
  path: Assets/Asset/Image/FemaleStreetFighter/149.png
  artifactKey: Guid(2e23731895355dc4bbba7b3bf7becb4a) Importer(815301076,1909f56bfc062723c751e8b465ee728b)
Start importing Assets/Asset/Image/FemaleStreetFighter/149.png using Guid(2e23731895355dc4bbba7b3bf7becb4a) Importer(815301076,1909f56bfc062723c751e8b465ee728b) (PreviewImporter) -> (artifact id: '80980ff96b7fa458d7a4372b881d0032') in 0.0185566 seconds
Number of updated asset objects reloaded before import = 0Number of asset objects unloaded after import = 3

========================================================================
Received Import Request.
  Time since last request: 0.649735 seconds.
  path: Assets/Asset/Image/FemaleStreetFighter/150.png
  artifactKey: Guid(7d185a28d63ae524ca2f6c0bf02d9fe8) Importer(815301076,1909f56bfc062723c751e8b465ee728b)
Start importing Assets/Asset/Image/FemaleStreetFighter/150.png using Guid(7d185a28d63ae524ca2f6c0bf02d9fe8) Importer(815301076,1909f56bfc062723c751e8b465ee728b) (PreviewImporter) -> (artifact id: 'f2d7af12ecdf17e25285979d3090f983') in 0.0178726 seconds
Number of updated asset objects reloaded before import = 0Number of asset objects unloaded after import = 3

========================================================================
Received Import Request.
  Time since last request: 191.378924 seconds.
  path: Assets/Asset/Image/FemaleStreetFighter/Animation/Jump.anim
  artifactKey: Guid(bdbd14db96f7bab458bf30bccf845a38) Importer(815301076,1909f56bfc062723c751e8b465ee728b)
Start importing Assets/Asset/Image/FemaleStreetFighter/Animation/Jump.anim using Guid(bdbd14db96f7bab458bf30bccf845a38) Importer(815301076,1909f56bfc062723c751e8b465ee728b) (PreviewImporter) -> (artifact id: '2a28137d5ff0e206a2bed8f5c5eb2d1c') in 0.0015655 seconds
Number of updated asset objects reloaded before import = 0Number of asset objects unloaded after import = 1

========================================================================
Received Import Request.
  Time since last request: 19.210573 seconds.
  path: Assets/Asset/Image/FemaleStreetFighter/Animation/Fall.anim
  artifactKey: Guid(3aa0ab29f72e0254eb674cb1173bf740) Importer(815301076,1909f56bfc062723c751e8b465ee728b)
Start importing Assets/Asset/Image/FemaleStreetFighter/Animation/Fall.anim using Guid(3aa0ab29f72e0254eb674cb1173bf740) Importer(815301076,1909f56bfc062723c751e8b465ee728b) (PreviewImporter) -> (artifact id: 'bec27e2ed9d1f15388828af757b6c119') in 0.0010443 seconds
Number of updated asset objects reloaded before import = 0Number of asset objects unloaded after import = 1

========================================================================
Received Import Request.
  Time since last request: 18.836192 seconds.
  path: Assets/Asset/Image/FemaleStreetFighter/Animation/Attack1.anim
  artifactKey: Guid(44ebcd2f2ffa16d49b97a4cc8832a93f) Importer(815301076,1909f56bfc062723c751e8b465ee728b)
Start importing Assets/Asset/Image/FemaleStreetFighter/Animation/Attack1.anim using Guid(44ebcd2f2ffa16d49b97a4cc8832a93f) Importer(815301076,1909f56bfc062723c751e8b465ee728b) (PreviewImporter) -> (artifact id: 'd4f2bb68f73e413eca5113a0d1ab072c') in 0.001113 seconds
Number of updated asset objects reloaded before import = 0Number of asset objects unloaded after import = 1

========================================================================
Received Import Request.
  Time since last request: 91.984788 seconds.
  path: Assets/Asset/Image/FemaleStreetFighter/Animation/ChakJi.anim
  artifactKey: Guid(86cf074a3c90a9b409be7ded02b70bc1) Importer(815301076,1909f56bfc062723c751e8b465ee728b)
Start importing Assets/Asset/Image/FemaleStreetFighter/Animation/ChakJi.anim using Guid(86cf074a3c90a9b409be7ded02b70bc1) Importer(815301076,1909f56bfc062723c751e8b465ee728b) (PreviewImporter) -> (artifact id: '1b6fbb431c2b6fa234321ca5049e7b79') in 0.0010213 seconds
Number of updated asset objects reloaded before import = 0Number of asset objects unloaded after import = 1

